\BOOKMARK [1][-]{section.1}{\376\377\000I\000n\000t\000r\000o\000d\000u\000c\000c\000i\000\363\000n\000\040\000a\000\040\000O\000b\000j\000e\000t\000o\000s\000\040\000-\000>\000V\000i\000d\000e\000o\000\040\0001\0007\000\040\000Y\000o\000u\000t\000u\000b\000e}{}% 1
\BOOKMARK [2][-]{subsection.1.1}{\376\377\000P\000r\000o\000b\000l\000e\000m\000a\000:\000\040\000L\000a\000\040\000G\000o\000l\000o\000n\000d\000r\000i\000n\000a\000\040\000P\000e\000p\000i\000t\000a}{section.1}% 2
\BOOKMARK [3][-]{subsubsection.1.1.1}{\376\377\000R\000e\000s\000o\000l\000u\000c\000i\000\363\000n\000:\000\040\000L\000a\000\040\000G\000o\000l\000o\000n\000d\000r\000i\000n\000a\000\040\000P\000e\000p\000i\000t\000a}{subsection.1.1}% 3
\BOOKMARK [3][-]{subsubsection.1.1.2}{\376\377\000W\000o\000l\000l\000o\000k\000:\000\040\000L\000a\000\040\000G\000o\000l\000o\000n\000d\000r\000i\000n\000a\000\040\000P\000e\000p\000i\000t\000a}{subsection.1.1}% 4
\BOOKMARK [2][-]{subsection.1.2}{\376\377\000P\000r\000o\000b\000l\000e\000m\000a\000:\000\040\000L\000a\000\040\000e\000n\000t\000r\000e\000n\000a\000d\000o\000r\000a\000\040\000d\000e\000\040\000a\000v\000e\000s\000\040\000E\000m\000i\000l\000i\000a}{section.1}% 5
\BOOKMARK [3][-]{subsubsection.1.2.1}{\376\377\000R\000e\000s\000o\000l\000u\000c\000i\000\363\000n\000:\000\040\000L\000a\000\040\000e\000n\000t\000r\000e\000n\000a\000d\000o\000r\000a\000\040\000d\000e\000\040\000a\000v\000e\000s\000\040\000E\000m\000i\000l\000i\000a}{subsection.1.2}% 6
\BOOKMARK [3][-]{subsubsection.1.2.2}{\376\377\000W\000o\000l\000l\000o\000k\000:\000\040\000L\000a\000\040\000e\000n\000t\000r\000e\000n\000a\000d\000o\000r\000a\000\040\000d\000e\000\040\000a\000v\000e\000s\000\040\000E\000m\000i\000l\000i\000a}{subsection.1.2}% 7
\BOOKMARK [2][-]{subsection.1.3}{\376\377\000E\000m\000i\000l\000i\000a\000\040\000e\000n\000t\000r\000e\000n\000a\000\040\000a\000\040\000P\000e\000p\000i\000t\000a}{section.1}% 8
\BOOKMARK [3][-]{subsubsection.1.3.1}{\376\377\000W\000o\000l\000l\000o\000k\000:\000\040\000E\000m\000i\000l\000i\000a\000\040\000e\000n\000t\000r\000e\000n\000a\000\040\000a\000\040\000P\000e\000p\000i\000t\000a}{subsection.1.3}% 9
\BOOKMARK [2][-]{subsection.1.4}{\376\377\000C\000o\000n\000c\000e\000p\000t\000o\000s\000\040\000c\000l\000a\000v\000e\000\040\000d\000e\000\040\000l\000a\000\040\000p\000r\000o\000g\000r\000a\000m\000a\000c\000i\000\363\000n\000\040\000o\000r\000i\000e\000n\000t\000a\000d\000a\000\040\000a\000\040\000o\000b\000j\000e\000t\000o\000s}{section.1}% 10
\BOOKMARK [2][-]{subsection.1.5}{\376\377\000O\000t\000r\000a\000\040\000a\000v\000e\000:\000\040\000E\000l\000\040\000h\000a\000n\000c\000\363\000n\000\040\000p\000e\000p\000o\000t\000e}{section.1}% 11
\BOOKMARK [2][-]{subsection.1.6}{\376\377\000W\000o\000l\000l\000o\000k\000:\000\040\000E\000l\000\040\000h\000a\000n\000c\000\363\000n\000\040\000p\000e\000p\000o\000t\000e}{section.1}% 12
\BOOKMARK [2][-]{subsection.1.7}{\376\377\000W\000o\000l\000l\000o\000k\000-\000T\000e\000s\000t\000:\000\040\000E\000m\000i\000l\000i\000a\000\040\000e\000n\000t\000r\000e\000n\000a\000\040\000a\000\040\000P\000e\000p\000o\000t\000e}{section.1}% 13
\BOOKMARK [2][-]{subsection.1.8}{\376\377\000D\000i\000s\000e\000\361\000o\000\040\000d\000e\000\040\000m\000\351\000t\000o\000d\000o\000s\000\040\000p\000a\000r\000a\000\040\000f\000a\000v\000o\000r\000e\000c\000e\000r\000\040\000e\000l\000\040\000p\000o\000l\000i\000m\000o\000r\000f\000i\000s\000m\000o\000\040\000e\000n\000t\000r\000e\000\040\000o\000b\000j\000e\000t\000o\000s}{section.1}% 14
\BOOKMARK [2][-]{subsection.1.9}{\376\377\000O\000t\000r\000o\000\040\000e\000n\000t\000r\000e\000n\000a\000d\000o\000\040\000R\000a\000m\000i\000r\000o}{section.1}% 15
\BOOKMARK [2][-]{subsection.1.10}{\376\377\000R\000e\000s\000o\000l\000u\000c\000i\000\363\000n\000:\000\040\000O\000t\000r\000o\000\040\000e\000n\000t\000r\000e\000n\000a\000d\000o\000\040\000R\000a\000m\000i\000r\000o}{section.1}% 16
\BOOKMARK [2][-]{subsection.1.11}{\376\377\000W\000o\000l\000l\000o\000k\000:\000\040\000O\000t\000r\000o\000\040\000e\000n\000t\000r\000e\000n\000a\000d\000o\000r\000\040\000R\000a\000m\000i\000r\000o}{section.1}% 17
\BOOKMARK [2][-]{subsection.1.12}{\376\377\000W\000o\000l\000l\000o\000k\000-\000T\000e\000s\000t\000:\000\040\000R\000a\000m\000i\000r\000o\000\040\000e\000n\000t\000r\000e\000n\000a\000\040\000a\000\040\000P\000e\000p\000i\000t\000a\000\040\000y\000\040\000P\000e\000p\000o\000t\000e\000,\000\040\000c\000o\000n\000\040\000b\000u\000e\000n\000\040\000y\000\040\000m\000a\000l\000\040\000h\000u\000m\000o\000r}{section.1}% 18
\BOOKMARK [1][-]{section.2}{\376\377\000P\000r\000\341\000c\000t\000i\000c\000a\000:\000\040\000L\000a\000\040\000F\000e\000r\000i\000a\000\040\000-\000>\000V\000i\000d\000e\000o\000\040\0001\0008\000\040\000Y\000o\000u\000t\000u\000b\000e}{}% 19
\BOOKMARK [2][-]{subsection.2.1}{\376\377\000W\000o\000l\000l\000o\000k\000:\000\040\000J\000u\000g\000a\000d\000o\000r\000e\000s\000\040\000d\000e\000\040\000l\000a\000\040\000f\000e\000r\000i\000a}{section.2}% 20
\BOOKMARK [2][-]{subsection.2.2}{\376\377\000W\000o\000l\000l\000o\000k\000:\000\040\000J\000u\000e\000g\000o\000s\000\040\000d\000e\000\040\000l\000a\000\040\000f\000e\000r\000i\000a}{section.2}% 21
\BOOKMARK [2][-]{subsection.2.3}{\376\377\000W\000o\000l\000l\000o\000k\000:\000\040\000P\000r\000e\000m\000i\000o\000\040\000d\000e\000\040\000l\000a\000\040\000f\000e\000r\000i\000a}{section.2}% 22
\BOOKMARK [2][-]{subsection.2.4}{\376\377\000W\000o\000l\000l\000o\000k\000-\000T\000e\000s\000t\000:\000\040\000J\000u\000l\000i\000e\000t\000a\000\040\000j\000u\000e\000g\000a\000\040\000e\000n\000\040\000l\000a\000\040\000f\000e\000r\000i\000a}{section.2}% 23
\BOOKMARK [1][-]{section.3}{\376\377\000C\000l\000a\000s\000e\000s\000\040\000c\000o\000m\000o\000\040\000p\000l\000a\000n\000t\000i\000l\000l\000a\000s\000\040\000p\000a\000r\000a\000\040\000c\000r\000e\000a\000r\000\040\000o\000b\000j\000e\000t\000o\000s\000\040\000-\000>\000V\000i\000d\000e\000o\000\040\0001\0009\000\040\000Y\000o\000u\000t\000u\000b\000e}{}% 24
\BOOKMARK [2][-]{subsection.3.1}{\376\377\000W\000o\000l\000l\000o\000k\000:\000\040\000C\000l\000a\000s\000e\000\040\000G\000o\000l\000o\000n\000d\000r\000i\000n\000a}{section.3}% 25
\BOOKMARK [2][-]{subsection.3.2}{\376\377\000W\000o\000l\000l\000o\000k\000-\000T\000e\000s\000t\000:\000\040\000C\000l\000a\000s\000e\000\040\000G\000o\000l\000o\000n\000d\000r\000i\000n\000a}{section.3}% 26
\BOOKMARK [1][-]{section.4}{\376\377\000C\000o\000l\000e\000c\000c\000i\000o\000n\000e\000s\000\040\000y\000\040\000B\000l\000o\000q\000u\000e\000s\000\040\000-\000>\000V\000i\000d\000e\000o\000\040\0002\0000\000\040\000Y\000o\000u\000t\000u\000b\000e}{}% 27
\BOOKMARK [2][-]{subsection.4.1}{\376\377\000L\000i\000s\000t\000a}{section.4}% 28
\BOOKMARK [2][-]{subsection.4.2}{\376\377\000W\000o\000l\000l\000o\000k\000:\000\040\000C\000l\000a\000s\000e\000\040\000V\000a\000c\000a}{section.4}% 29
\BOOKMARK [2][-]{subsection.4.3}{\376\377\000W\000o\000l\000l\000o\000k\000:\000\040\000C\000l\000a\000s\000e\000\040\000C\000a\000b\000r\000a}{section.4}% 30
\BOOKMARK [2][-]{subsection.4.4}{\376\377\000W\000o\000l\000l\000o\000k\000:\000\040\000C\000l\000a\000s\000e\000\040\000C\000o\000r\000r\000a\000l}{section.4}% 31
\BOOKMARK [2][-]{subsection.4.5}{\376\377\000W\000o\000l\000l\000o\000k\000-\000T\000e\000s\000t\000:\000\040\000P\000r\000u\000e\000b\000a\000\040\000e\000n\000\040\000l\000i\000s\000t\000a\000\040\000d\000e\000\040\000v\000a\000c\000a\000s}{section.4}% 32
\BOOKMARK [1][-]{section.5}{\376\377\000H\000e\000r\000e\000n\000c\000i\000a\000\040\000-\000>\000V\000i\000d\000e\000o\000\040\0002\0001\000\040\000Y\000o\000u\000t\000u\000b\000e}{}% 33
\BOOKMARK [2][-]{subsection.5.1}{\376\377\000W\000o\000l\000l\000o\000k\000:\000\040\000C\000l\000a\000s\000e\000\040\000T\000a\000n\000q\000u\000e}{section.5}% 34
\BOOKMARK [2][-]{subsection.5.2}{\376\377\000W\000o\000l\000l\000o\000k\000:\000\040\000C\000l\000a\000s\000e\000\040\000A\000r\000m\000a}{section.5}% 35
\BOOKMARK [1][-]{section.6}{\376\377\000H\000e\000r\000e\000n\000c\000i\000a\000\040\000v\000s\000\040\000C\000o\000m\000p\000o\000s\000i\000c\000i\000o\000n\000\040\000-\000>\000V\000i\000d\000e\000o\000\040\0002\0002\000\040\000Y\000o\000u\000t\000u\000b\000e}{}% 36
\BOOKMARK [2][-]{subsection.6.1}{\376\377\000W\000o\000l\000l\000o\000k\000:\000\040\000J\000u\000e\000g\000o\000\040\000P\000o\000r\000\040\000L\000a\000\040\000H\000o\000r\000d\000a}{section.6}% 37
