This is pdfTeX, Version 3.141592653-2.6-1.40.22 (TeX Live 2022/dev/Debian) (preloaded format=pdflatex 2023.11.14)  7 DEC 2023 23:22
entering extended mode
 restricted \write18 enabled.
 %&-line parsing enabled.
**main
(./main.tex
LaTeX2e <2021-11-15> patch level 1
L3 programming layer <2022-01-21>
(/usr/share/texlive/texmf-dist/tex/latex/base/article.cls
Document Class: article 2021/10/04 v1.4n Standard LaTeX document class
(/usr/share/texlive/texmf-dist/tex/latex/base/size11.clo
File: size11.clo 2021/10/04 v1.4n Standard LaTeX file (size option)
)
\c@part=\count185
\c@section=\count186
\c@subsection=\count187
\c@subsubsection=\count188
\c@paragraph=\count189
\c@subparagraph=\count190
\c@figure=\count191
\c@table=\count192
\abovecaptionskip=\skip47
\belowcaptionskip=\skip48
\bibindent=\dimen138
) (./paquete.sty
(/usr/share/texlive/texmf-dist/tex/latex/base/inputenc.sty
Package: inputenc 2021/02/14 v1.3d Input encoding file
\inpenc@prehook=\toks16
\inpenc@posthook=\toks17

(/usr/share/texlive/texmf-dist/tex/latex/ucs/utf8x.def
File: utf8x.def 2004/10/17 UCS: Input encoding UTF-8
))
(/usr/share/texlive/texmf-dist/tex/latex/ucs/ucs.sty
Package: ucs 2013/05/11 v2.2 UCS: Unicode input support

(/usr/share/texlive/texmf-dist/tex/latex/ucs/data/uni-global.def
File: uni-global.def 2013/05/13 UCS: Unicode global data
)
\uc@secondtry=\count193
\uc@combtoks=\toks18
\uc@combtoksb=\toks19
\uc@temptokena=\toks20
)
(/usr/share/texlive/texmf-dist/tex/latex/base/fontenc.sty
Package: fontenc 2021/04/29 v2.0v Standard LaTeX package
)
(/usr/share/texlive/texmf-dist/tex/latex/hyperref/hyperref.sty
Package: hyperref 2021-06-07 v7.00m Hypertext links for LaTeX

(/usr/share/texlive/texmf-dist/tex/generic/ltxcmds/ltxcmds.sty
Package: ltxcmds 2020-05-10 v1.25 LaTeX kernel commands for general use (HO)
)
(/usr/share/texlive/texmf-dist/tex/generic/iftex/iftex.sty
Package: iftex 2020/03/06 v1.0d TeX engine tests
)
(/usr/share/texlive/texmf-dist/tex/generic/pdftexcmds/pdftexcmds.sty
Package: pdftexcmds 2020-06-27 v0.33 Utility functions of pdfTeX for LuaTeX (HO
)

(/usr/share/texlive/texmf-dist/tex/generic/infwarerr/infwarerr.sty
Package: infwarerr 2019/12/03 v1.5 Providing info/warning/error messages (HO)
)
Package pdftexcmds Info: \pdf@primitive is available.
Package pdftexcmds Info: \pdf@ifprimitive is available.
Package pdftexcmds Info: \pdfdraftmode found.
)
(/usr/share/texlive/texmf-dist/tex/latex/graphics/keyval.sty
Package: keyval 2014/10/28 v1.15 key=value parser (DPC)
\KV@toks@=\toks21
)
(/usr/share/texlive/texmf-dist/tex/generic/kvsetkeys/kvsetkeys.sty
Package: kvsetkeys 2019/12/15 v1.18 Key value parser (HO)
)
(/usr/share/texlive/texmf-dist/tex/generic/kvdefinekeys/kvdefinekeys.sty
Package: kvdefinekeys 2019-12-19 v1.6 Define keys (HO)
)
(/usr/share/texlive/texmf-dist/tex/generic/pdfescape/pdfescape.sty
Package: pdfescape 2019/12/09 v1.15 Implements pdfTeX's escape features (HO)
)
(/usr/share/texlive/texmf-dist/tex/latex/hycolor/hycolor.sty
Package: hycolor 2020-01-27 v1.10 Color options for hyperref/bookmark (HO)
)
(/usr/share/texlive/texmf-dist/tex/latex/letltxmacro/letltxmacro.sty
Package: letltxmacro 2019/12/03 v1.6 Let assignment for LaTeX macros (HO)
)
(/usr/share/texlive/texmf-dist/tex/latex/auxhook/auxhook.sty
Package: auxhook 2019-12-17 v1.6 Hooks for auxiliary files (HO)
)
(/usr/share/texlive/texmf-dist/tex/latex/kvoptions/kvoptions.sty
Package: kvoptions 2020-10-07 v3.14 Key value format for package options (HO)
)
\@linkdim=\dimen139
\Hy@linkcounter=\count194
\Hy@pagecounter=\count195

(/usr/share/texlive/texmf-dist/tex/latex/hyperref/pd1enc.def
File: pd1enc.def 2021-06-07 v7.00m Hyperref: PDFDocEncoding definition (HO)
)
(/usr/share/texlive/texmf-dist/tex/latex/hyperref/hyperref-langpatches.def
File: hyperref-langpatches.def 2021-06-07 v7.00m Hyperref: patches for babel la
nguages
)
(/usr/share/texlive/texmf-dist/tex/generic/intcalc/intcalc.sty
Package: intcalc 2019/12/15 v1.3 Expandable calculations with integers (HO)
)
(/usr/share/texlive/texmf-dist/tex/generic/etexcmds/etexcmds.sty
Package: etexcmds 2019/12/15 v1.7 Avoid name clashes with e-TeX commands (HO)
)
\Hy@SavedSpaceFactor=\count196

(/usr/share/texlive/texmf-dist/tex/latex/hyperref/puenc.def
File: puenc.def 2021-06-07 v7.00m Hyperref: PDF Unicode definition (HO)
)
Package hyperref Info: Hyper figures OFF on input line 4192.
Package hyperref Info: Link nesting OFF on input line 4197.
Package hyperref Info: Hyper index ON on input line 4200.
Package hyperref Info: Plain pages OFF on input line 4207.
Package hyperref Info: Backreferencing OFF on input line 4212.
Package hyperref Info: Implicit mode ON; LaTeX internals redefined.
Package hyperref Info: Bookmarks ON on input line 4445.
\c@Hy@tempcnt=\count197

(/usr/share/texlive/texmf-dist/tex/latex/url/url.sty
\Urlmuskip=\muskip16
Package: url 2013/09/16  ver 3.4  Verb mode for urls, etc.
)
LaTeX Info: Redefining \url on input line 4804.
\XeTeXLinkMargin=\dimen140

(/usr/share/texlive/texmf-dist/tex/generic/bitset/bitset.sty
Package: bitset 2019/12/09 v1.3 Handle bit-vector datatype (HO)

(/usr/share/texlive/texmf-dist/tex/generic/bigintcalc/bigintcalc.sty
Package: bigintcalc 2019/12/15 v1.5 Expandable calculations on big integers (HO
)
))
\Fld@menulength=\count198
\Field@Width=\dimen141
\Fld@charsize=\dimen142
Package hyperref Info: Hyper figures OFF on input line 6076.
Package hyperref Info: Link nesting OFF on input line 6081.
Package hyperref Info: Hyper index ON on input line 6084.
Package hyperref Info: backreferencing OFF on input line 6091.
Package hyperref Info: Link coloring OFF on input line 6096.
Package hyperref Info: Link coloring with OCG OFF on input line 6101.
Package hyperref Info: PDF/A mode OFF on input line 6106.
LaTeX Info: Redefining \ref on input line 6146.
LaTeX Info: Redefining \pageref on input line 6150.

(/usr/share/texlive/texmf-dist/tex/latex/base/atbegshi-ltx.sty
Package: atbegshi-ltx 2021/01/10 v1.0c Emulation of the original atbegshi
package with kernel methods
)
\Hy@abspage=\count199
\c@Item=\count266
\c@Hfootnote=\count267
)
Package hyperref Info: Driver (autodetected): hpdftex.

(/usr/share/texlive/texmf-dist/tex/latex/hyperref/hpdftex.def
File: hpdftex.def 2021-06-07 v7.00m Hyperref driver for pdfTeX

(/usr/share/texlive/texmf-dist/tex/latex/base/atveryend-ltx.sty
Package: atveryend-ltx 2020/08/19 v1.0a Emulation of the original atveryend pac
kage
with kernel methods
)
\Fld@listcount=\count268
\c@bookmark@seq@number=\count269

(/usr/share/texlive/texmf-dist/tex/latex/rerunfilecheck/rerunfilecheck.sty
Package: rerunfilecheck 2019/12/05 v1.9 Rerun checks for auxiliary files (HO)

(/usr/share/texlive/texmf-dist/tex/generic/uniquecounter/uniquecounter.sty
Package: uniquecounter 2019/12/15 v1.4 Provide unlimited unique counter (HO)
)
Package uniquecounter Info: New unique counter `rerunfilecheck' on input line 2
86.
)
\Hy@SectionHShift=\skip49
)
(/usr/share/texlive/texmf-dist/tex/generic/babel/babel.sty
Package: babel 2022/01/26 3.70 The Babel package
\babel@savecnt=\count270
\U@D=\dimen143
\l@unhyphenated=\language87

(/usr/share/texlive/texmf-dist/tex/generic/babel/txtbabel.def)
\bbl@readstream=\read2
\bbl@dirlevel=\count271

(/usr/share/texlive/texmf-dist/tex/generic/babel-spanish/spanish.ldf
Language: spanish.ldf 2021/05/27 v5.0q Spanish support from the babel system
\es@quottoks=\toks22
\es@quotdepth=\count272
Package babel Info: Making " an active character on input line 570.
Package babel Info: Making . an active character on input line 675.
Package babel Info: Making < an active character on input line 722.
Package babel Info: Making > an active character on input line 722.
))
(/usr/share/texlive/texmf-dist/tex/latex/sttools/flushend.sty
Package: flushend 2021/10/04 v4.0 Balancing columns in twocolumn mode
\flushend@@lastskip@a=\skip50
\flushend@@lastskip@b=\skip51
\flushend@@lastnode=\count273
\var@@loop@iter=\count274
\var@@temp@spread=\dimen144
\var@@temp@a=\dimen145
\var@@temp@loop=\dimen146
\flushend@@page@rule=\dimen147
\flushend@@varbox@lastpage=\box50
\flushend@@varbox@a=\box51
\flushend@@varbox@c=\box52
\flushend@@tempbox@a=\box53
\flushend@@tempbox@c=\box54
\flushend@@floatbox=\box55
\@viper=\box56
\hold@viper=\box57
\atColsBreak=\toks23
\atColsEnd=\toks24
\oldbreak@skip=\dimen148
)
(/usr/share/texlive/texmf-dist/tex/latex/geometry/geometry.sty
Package: geometry 2020/01/02 v5.9 Page Geometry

(/usr/share/texlive/texmf-dist/tex/generic/iftex/ifvtex.sty
Package: ifvtex 2019/10/25 v1.7 ifvtex legacy package. Use iftex instead.
)
\Gm@cnth=\count275
\Gm@cntv=\count276
\c@Gm@tempcnt=\count277
\Gm@bindingoffset=\dimen149
\Gm@wd@mp=\dimen150
\Gm@odd@mp=\dimen151
\Gm@even@mp=\dimen152
\Gm@layoutwidth=\dimen153
\Gm@layoutheight=\dimen154
\Gm@layouthoffset=\dimen155
\Gm@layoutvoffset=\dimen156
\Gm@dimlist=\toks25
)
(/usr/share/texlive/texmf-dist/tex/latex/amsmath/amsmath.sty
Package: amsmath 2021/10/15 v2.17l AMS math features
\@mathmargin=\skip52

For additional information on amsmath, use the `?' option.
(/usr/share/texlive/texmf-dist/tex/latex/amsmath/amstext.sty
Package: amstext 2021/08/26 v2.01 AMS text

(/usr/share/texlive/texmf-dist/tex/latex/amsmath/amsgen.sty
File: amsgen.sty 1999/11/30 v2.0 generic functions
\@emptytoks=\toks26
\ex@=\dimen157
))
(/usr/share/texlive/texmf-dist/tex/latex/amsmath/amsbsy.sty
Package: amsbsy 1999/11/29 v1.2d Bold Symbols
\pmbraise@=\dimen158
)
(/usr/share/texlive/texmf-dist/tex/latex/amsmath/amsopn.sty
Package: amsopn 2021/08/26 v2.02 operator names
)
\inf@bad=\count278
LaTeX Info: Redefining \frac on input line 234.
\uproot@=\count279
\leftroot@=\count280
LaTeX Info: Redefining \overline on input line 399.
\classnum@=\count281
\DOTSCASE@=\count282
LaTeX Info: Redefining \ldots on input line 496.
LaTeX Info: Redefining \dots on input line 499.
LaTeX Info: Redefining \cdots on input line 620.
\Mathstrutbox@=\box58
\strutbox@=\box59
\big@size=\dimen159
LaTeX Font Info:    Redeclaring font encoding OML on input line 743.
LaTeX Font Info:    Redeclaring font encoding OMS on input line 744.
\macc@depth=\count283
\c@MaxMatrixCols=\count284
\dotsspace@=\muskip17
\c@parentequation=\count285
\dspbrk@lvl=\count286
\tag@help=\toks27
\row@=\count287
\column@=\count288
\maxfields@=\count289
\andhelp@=\toks28
\eqnshift@=\dimen160
\alignsep@=\dimen161
\tagshift@=\dimen162
\tagwidth@=\dimen163
\totwidth@=\dimen164
\lineht@=\dimen165
\@envbody=\toks29
\multlinegap=\skip53
\multlinetaggap=\skip54
\mathdisplay@stack=\toks30
LaTeX Info: Redefining \[ on input line 2938.
LaTeX Info: Redefining \] on input line 2939.
)
(/usr/share/texlive/texmf-dist/tex/latex/amsfonts/amsfonts.sty
Package: amsfonts 2013/01/14 v3.01 Basic AMSFonts support
\symAMSa=\mathgroup4
\symAMSb=\mathgroup5
LaTeX Font Info:    Redeclaring math symbol \hbar on input line 98.
LaTeX Font Info:    Overwriting math alphabet `\mathfrak' in version `bold'
(Font)                  U/euf/m/n --> U/euf/b/n on input line 106.
)
(/usr/share/texlive/texmf-dist/tex/latex/amsfonts/amssymb.sty
Package: amssymb 2013/01/14 v3.01 AMS font symbols
)
(/usr/share/texlive/texmf-dist/tex/latex/tools/verbatim.sty
Package: verbatim 2020-07-07 v1.5u LaTeX2e package for verbatim enhancements
\every@verbatim=\toks31
\verbatim@line=\toks32
\verbatim@in@stream=\read3
)
(/usr/share/texlive/texmf-dist/tex/latex/lineno/lineno.sty
Package: lineno 2005/11/02 line numbers on paragraphs v4.41
\linenopenalty=\count290
\output=\toks33
\linenoprevgraf=\count291
\linenumbersep=\dimen166
\linenumberwidth=\dimen167
\c@linenumber=\count292
\c@pagewiselinenumber=\count293
\c@LN@truepage=\count294
\c@internallinenumber=\count295
\c@internallinenumbers=\count296
\quotelinenumbersep=\dimen168
\bframerule=\dimen169
\bframesep=\dimen170
\bframebox=\box60
LaTeX Info: Redefining \\ on input line 3056.
)
(/usr/share/texlive/texmf-dist/tex/latex/float/float.sty
Package: float 2001/11/08 v1.3d Float enhancements (AL)
\c@float@type=\count297
\float@exts=\toks34
\float@box=\box61
\@float@everytoks=\toks35
\@floatcapt=\box62
)
(/usr/share/texlive/texmf-dist/tex/latex/tools/array.sty
Package: array 2021/10/04 v2.5f Tabular extension package (FMi)
\col@sep=\dimen171
\ar@mcellbox=\box63
\extrarowheight=\dimen172
\NC@list=\toks36
\extratabsurround=\skip55
\backup@length=\skip56
\ar@cellbox=\box64
)
(/usr/share/texlive/texmf-dist/tex/latex/fancyvrb/fancyvrb.sty
Package: fancyvrb 2021/12/21 4.1b verbatim text (tvz,hv)
\FV@CodeLineNo=\count298
\FV@InFile=\read4
\FV@TabBox=\box65
\c@FancyVerbLine=\count299
\FV@StepNumber=\count300
\FV@OutFile=\write3
)
(/usr/share/texlive/texmf-dist/tex/latex/fancyhdr/fancyhdr.sty
Package: fancyhdr 2021/01/28 v4.0.1 Extensive control of page headers and foote
rs
\f@nch@headwidth=\skip57
\f@nch@O@elh=\skip58
\f@nch@O@erh=\skip59
\f@nch@O@olh=\skip60
\f@nch@O@orh=\skip61
\f@nch@O@elf=\skip62
\f@nch@O@erf=\skip63
\f@nch@O@olf=\skip64
\f@nch@O@orf=\skip65
)
(/usr/share/texlive/texmf-dist/tex/latex/graphics/graphicx.sty
Package: graphicx 2021/09/16 v1.2d Enhanced LaTeX Graphics (DPC,SPQR)

(/usr/share/texlive/texmf-dist/tex/latex/graphics/graphics.sty
Package: graphics 2021/03/04 v1.4d Standard LaTeX Graphics (DPC,SPQR)

(/usr/share/texlive/texmf-dist/tex/latex/graphics/trig.sty
Package: trig 2021/08/11 v1.11 sin cos tan (DPC)
)
(/usr/share/texlive/texmf-dist/tex/latex/graphics-cfg/graphics.cfg
File: graphics.cfg 2016/06/04 v1.11 sample graphics configuration
)
Package graphics Info: Driver file: pdftex.def on input line 107.

(/usr/share/texlive/texmf-dist/tex/latex/graphics-def/pdftex.def
File: pdftex.def 2020/10/05 v1.2a Graphics/color driver for pdftex
))
\Gin@req@height=\dimen173
\Gin@req@width=\dimen174
)
(/usr/share/texlive/texmf-dist/tex/latex/booktabs/booktabs.sty
Package: booktabs 2020/01/12 v1.61803398 Publication quality tables
\heavyrulewidth=\dimen175
\lightrulewidth=\dimen176
\cmidrulewidth=\dimen177
\belowrulesep=\dimen178
\belowbottomsep=\dimen179
\aboverulesep=\dimen180
\abovetopsep=\dimen181
\cmidrulesep=\dimen182
\cmidrulekern=\dimen183
\defaultaddspace=\dimen184
\@cmidla=\count301
\@cmidlb=\count302
\@aboverulesep=\dimen185
\@belowrulesep=\dimen186
\@thisruleclass=\count303
\@lastruleclass=\count304
\@thisrulewidth=\dimen187
)
(/usr/share/texlive/texmf-dist/tex/latex/caption/caption.sty
Package: caption 2020/10/26 v3.5g Customizing captions (AR)

(/usr/share/texlive/texmf-dist/tex/latex/caption/caption3.sty
Package: caption3 2020/10/21 v2.2e caption3 kernel (AR)
\captionmargin=\dimen188
\captionmargin@=\dimen189
\captionwidth=\dimen190
\caption@tempdima=\dimen191
\caption@indent=\dimen192
\caption@parindent=\dimen193
\caption@hangindent=\dimen194
Package caption Info: Standard document class detected.
)
\c@caption@flags=\count305
\c@continuedfloat=\count306
Package caption Info: float package is loaded.
Package caption Info: hyperref package is loaded.
)
(/usr/share/texlive/texmf-dist/tex/latex/caption/subcaption.sty
Package: subcaption 2020/10/07 v1.3j Sub-captions (AR)
\c@subfigure=\count307
\c@subtable=\count308
)
(/usr/share/texlive/texmf-dist/tex/latex/mathtools/mathtools.sty
Package: mathtools 2021/02/02 v1.28 mathematical typesetting tools

(/usr/share/texlive/texmf-dist/tex/latex/tools/calc.sty
Package: calc 2017/05/25 v4.3 Infix arithmetic (KKT,FJ)
\calc@Acount=\count309
\calc@Bcount=\count310
\calc@Adimen=\dimen195
\calc@Bdimen=\dimen196
\calc@Askip=\skip66
\calc@Bskip=\skip67
LaTeX Info: Redefining \setlength on input line 80.
LaTeX Info: Redefining \addtolength on input line 81.
\calc@Ccount=\count311
\calc@Cskip=\skip68
)
(/usr/share/texlive/texmf-dist/tex/latex/mathtools/mhsetup.sty
Package: mhsetup 2021/03/18 v1.4 programming setup (MH)
)
\g_MT_multlinerow_int=\count312
\l_MT_multwidth_dim=\dimen197
\origjot=\skip69
\l_MT_shortvdotswithinadjustabove_dim=\dimen198
\l_MT_shortvdotswithinadjustbelow_dim=\dimen199
\l_MT_above_intertext_sep=\dimen256
\l_MT_below_intertext_sep=\dimen257
\l_MT_above_shortintertext_sep=\dimen258
\l_MT_below_shortintertext_sep=\dimen259
\xmathstrut@box=\box66
\xmathstrut@dim=\dimen260
)
(/usr/share/texlive/texmf-dist/tex/latex/emptypage/emptypage.sty
Package: emptypage 2010/05/30 v1.2 Suppress page numbers and headings on empty 
pages
)
(/usr/share/texlive/texmf-dist/tex/latex/siunitx/siunitx.sty
Package: siunitx 2022-02-02 v3.0.46 A comprehensive (SI) units package
\l__siunitx_angle_tmp_dim=\dimen261
\l__siunitx_angle_marker_box=\box67
\l__siunitx_angle_unit_box=\box68
\l__siunitx_compound_count_int=\count313

(/usr/share/texlive/texmf-dist/tex/latex/translations/translations.sty
Package: translations 2022/01/04 v1.11 internationalization of LaTeX2e packages
 (CN)

(/usr/share/texlive/texmf-dist/tex/latex/etoolbox/etoolbox.sty
Package: etoolbox 2020/10/05 v2.5k e-TeX tools for LaTeX (JAW)
\etb@tempcnta=\count314
))
\l__siunitx_number_exponent_fixed_int=\count315
\l__siunitx_number_min_decimal_int=\count316
\l__siunitx_number_min_integer_int=\count317
\l__siunitx_number_round_precision_int=\count318
\l__siunitx_number_group_minimum_int=\count319
\l__siunitx_table_tmp_box=\box69
\l__siunitx_table_tmp_dim=\dimen262
\l__siunitx_table_column_width_dim=\dimen263
\l__siunitx_table_integer_box=\box70
\l__siunitx_table_decimal_box=\box71
\l__siunitx_table_before_box=\box72
\l__siunitx_table_after_box=\box73
\l__siunitx_table_before_dim=\dimen264
\l__siunitx_table_carry_dim=\dimen265
\l__siunitx_unit_tmp_int=\count320
\l__siunitx_unit_position_int=\count321
\l__siunitx_unit_total_int=\count322

(/usr/share/texlive/texmf-dist/tex/latex/l3packages/l3keys2e/l3keys2e.sty
(/usr/share/texlive/texmf-dist/tex/latex/l3kernel/expl3.sty
Package: expl3 2022-01-21 L3 programming layer (loader) 

(/usr/share/texlive/texmf-dist/tex/latex/l3backend/l3backend-pdftex.def
File: l3backend-pdftex.def 2022-01-12 L3 backend support: PDF output (pdfTeX)
\l__color_backend_stack_int=\count323
\l__pdf_internal_box=\box74
))
Package: l3keys2e 2022-01-12 LaTeX2e option processing using LaTeX3 keys
)

Package siunitx Warning: Option "version-1-compatibility" has been removed in
(siunitx)                this release.

) (/usr/share/texlive/texmf-dist/tex/latex/circuitikz/circuitikz.sty
Package: circuitikz 2021/12/06{} The CircuiTikz circuit drawing package version
 1.4.5

(/usr/share/texlive/texmf-dist/tex/latex/pgf/frontendlayer/tikz.sty
(/usr/share/texlive/texmf-dist/tex/latex/pgf/basiclayer/pgf.sty
(/usr/share/texlive/texmf-dist/tex/latex/pgf/utilities/pgfrcs.sty
(/usr/share/texlive/texmf-dist/tex/generic/pgf/utilities/pgfutil-common.tex
\pgfutil@everybye=\toks37
\pgfutil@tempdima=\dimen266
\pgfutil@tempdimb=\dimen267

(/usr/share/texlive/texmf-dist/tex/generic/pgf/utilities/pgfutil-common-lists.t
ex)) (/usr/share/texlive/texmf-dist/tex/generic/pgf/utilities/pgfutil-latex.def
\pgfutil@abb=\box75
) (/usr/share/texlive/texmf-dist/tex/generic/pgf/utilities/pgfrcs.code.tex
(/usr/share/texlive/texmf-dist/tex/generic/pgf/pgf.revision.tex)
Package: pgfrcs 2021/05/15 v3.1.9a (3.1.9a)
))
Package: pgf 2021/05/15 v3.1.9a (3.1.9a)

(/usr/share/texlive/texmf-dist/tex/latex/pgf/basiclayer/pgfcore.sty
(/usr/share/texlive/texmf-dist/tex/latex/pgf/systemlayer/pgfsys.sty
(/usr/share/texlive/texmf-dist/tex/generic/pgf/systemlayer/pgfsys.code.tex
Package: pgfsys 2021/05/15 v3.1.9a (3.1.9a)

(/usr/share/texlive/texmf-dist/tex/generic/pgf/utilities/pgfkeys.code.tex
\pgfkeys@pathtoks=\toks38
\pgfkeys@temptoks=\toks39

(/usr/share/texlive/texmf-dist/tex/generic/pgf/utilities/pgfkeysfiltered.code.t
ex
\pgfkeys@tmptoks=\toks40
))
\pgf@x=\dimen268
\pgf@y=\dimen269
\pgf@xa=\dimen270
\pgf@ya=\dimen271
\pgf@xb=\dimen272
\pgf@yb=\dimen273
\pgf@xc=\dimen274
\pgf@yc=\dimen275
\pgf@xd=\dimen276
\pgf@yd=\dimen277
\w@pgf@writea=\write4
\r@pgf@reada=\read5
\c@pgf@counta=\count324
\c@pgf@countb=\count325
\c@pgf@countc=\count326
\c@pgf@countd=\count327
\t@pgf@toka=\toks41
\t@pgf@tokb=\toks42
\t@pgf@tokc=\toks43
\pgf@sys@id@count=\count328
 (/usr/share/texlive/texmf-dist/tex/generic/pgf/systemlayer/pgf.cfg
File: pgf.cfg 2021/05/15 v3.1.9a (3.1.9a)
)
Driver file for pgf: pgfsys-pdftex.def

(/usr/share/texlive/texmf-dist/tex/generic/pgf/systemlayer/pgfsys-pdftex.def
File: pgfsys-pdftex.def 2021/05/15 v3.1.9a (3.1.9a)

(/usr/share/texlive/texmf-dist/tex/generic/pgf/systemlayer/pgfsys-common-pdf.de
f
File: pgfsys-common-pdf.def 2021/05/15 v3.1.9a (3.1.9a)
)))
(/usr/share/texlive/texmf-dist/tex/generic/pgf/systemlayer/pgfsyssoftpath.code.
tex
File: pgfsyssoftpath.code.tex 2021/05/15 v3.1.9a (3.1.9a)
\pgfsyssoftpath@smallbuffer@items=\count329
\pgfsyssoftpath@bigbuffer@items=\count330
)
(/usr/share/texlive/texmf-dist/tex/generic/pgf/systemlayer/pgfsysprotocol.code.
tex
File: pgfsysprotocol.code.tex 2021/05/15 v3.1.9a (3.1.9a)
)) (/usr/share/texlive/texmf-dist/tex/latex/xcolor/xcolor.sty
Package: xcolor 2021/10/31 v2.13 LaTeX color extensions (UK)

(/usr/share/texlive/texmf-dist/tex/latex/graphics-cfg/color.cfg
File: color.cfg 2016/01/02 v1.6 sample color configuration
)
Package xcolor Info: Driver file: pdftex.def on input line 227.
Package xcolor Info: Model `cmy' substituted by `cmy0' on input line 1352.
Package xcolor Info: Model `hsb' substituted by `rgb' on input line 1356.
Package xcolor Info: Model `RGB' extended on input line 1368.
Package xcolor Info: Model `HTML' substituted by `rgb' on input line 1370.
Package xcolor Info: Model `Hsb' substituted by `hsb' on input line 1371.
Package xcolor Info: Model `tHsb' substituted by `hsb' on input line 1372.
Package xcolor Info: Model `HSB' substituted by `hsb' on input line 1373.
Package xcolor Info: Model `Gray' substituted by `gray' on input line 1374.
Package xcolor Info: Model `wave' substituted by `hsb' on input line 1375.
)
(/usr/share/texlive/texmf-dist/tex/generic/pgf/basiclayer/pgfcore.code.tex
Package: pgfcore 2021/05/15 v3.1.9a (3.1.9a)

(/usr/share/texlive/texmf-dist/tex/generic/pgf/math/pgfmath.code.tex
(/usr/share/texlive/texmf-dist/tex/generic/pgf/math/pgfmathcalc.code.tex
(/usr/share/texlive/texmf-dist/tex/generic/pgf/math/pgfmathutil.code.tex)
(/usr/share/texlive/texmf-dist/tex/generic/pgf/math/pgfmathparser.code.tex
\pgfmath@dimen=\dimen278
\pgfmath@count=\count331
\pgfmath@box=\box76
\pgfmath@toks=\toks44
\pgfmath@stack@operand=\toks45
\pgfmath@stack@operation=\toks46
)
(/usr/share/texlive/texmf-dist/tex/generic/pgf/math/pgfmathfunctions.code.tex
(/usr/share/texlive/texmf-dist/tex/generic/pgf/math/pgfmathfunctions.basic.code
.tex)
(/usr/share/texlive/texmf-dist/tex/generic/pgf/math/pgfmathfunctions.trigonomet
ric.code.tex)
(/usr/share/texlive/texmf-dist/tex/generic/pgf/math/pgfmathfunctions.random.cod
e.tex)
(/usr/share/texlive/texmf-dist/tex/generic/pgf/math/pgfmathfunctions.comparison
.code.tex)
(/usr/share/texlive/texmf-dist/tex/generic/pgf/math/pgfmathfunctions.base.code.
tex)
(/usr/share/texlive/texmf-dist/tex/generic/pgf/math/pgfmathfunctions.round.code
.tex)
(/usr/share/texlive/texmf-dist/tex/generic/pgf/math/pgfmathfunctions.misc.code.
tex)
(/usr/share/texlive/texmf-dist/tex/generic/pgf/math/pgfmathfunctions.integerari
thmetics.code.tex)))
(/usr/share/texlive/texmf-dist/tex/generic/pgf/math/pgfmathfloat.code.tex
\c@pgfmathroundto@lastzeros=\count332
))
(/usr/share/texlive/texmf-dist/tex/generic/pgf/math/pgfint.code.tex)
(/usr/share/texlive/texmf-dist/tex/generic/pgf/basiclayer/pgfcorepoints.code.te
x
File: pgfcorepoints.code.tex 2021/05/15 v3.1.9a (3.1.9a)
\pgf@picminx=\dimen279
\pgf@picmaxx=\dimen280
\pgf@picminy=\dimen281
\pgf@picmaxy=\dimen282
\pgf@pathminx=\dimen283
\pgf@pathmaxx=\dimen284
\pgf@pathminy=\dimen285
\pgf@pathmaxy=\dimen286
\pgf@xx=\dimen287
\pgf@xy=\dimen288
\pgf@yx=\dimen289
\pgf@yy=\dimen290
\pgf@zx=\dimen291
\pgf@zy=\dimen292
)
(/usr/share/texlive/texmf-dist/tex/generic/pgf/basiclayer/pgfcorepathconstruct.
code.tex
File: pgfcorepathconstruct.code.tex 2021/05/15 v3.1.9a (3.1.9a)
\pgf@path@lastx=\dimen293
\pgf@path@lasty=\dimen294
)
(/usr/share/texlive/texmf-dist/tex/generic/pgf/basiclayer/pgfcorepathusage.code
.tex
File: pgfcorepathusage.code.tex 2021/05/15 v3.1.9a (3.1.9a)
\pgf@shorten@end@additional=\dimen295
\pgf@shorten@start@additional=\dimen296
)
(/usr/share/texlive/texmf-dist/tex/generic/pgf/basiclayer/pgfcorescopes.code.te
x
File: pgfcorescopes.code.tex 2021/05/15 v3.1.9a (3.1.9a)
\pgfpic=\box77
\pgf@hbox=\box78
\pgf@layerbox@main=\box79
\pgf@picture@serial@count=\count333
)
(/usr/share/texlive/texmf-dist/tex/generic/pgf/basiclayer/pgfcoregraphicstate.c
ode.tex
File: pgfcoregraphicstate.code.tex 2021/05/15 v3.1.9a (3.1.9a)
\pgflinewidth=\dimen297
)
(/usr/share/texlive/texmf-dist/tex/generic/pgf/basiclayer/pgfcoretransformation
s.code.tex
File: pgfcoretransformations.code.tex 2021/05/15 v3.1.9a (3.1.9a)
\pgf@pt@x=\dimen298
\pgf@pt@y=\dimen299
\pgf@pt@temp=\dimen300
)
(/usr/share/texlive/texmf-dist/tex/generic/pgf/basiclayer/pgfcorequick.code.tex
File: pgfcorequick.code.tex 2021/05/15 v3.1.9a (3.1.9a)
)
(/usr/share/texlive/texmf-dist/tex/generic/pgf/basiclayer/pgfcoreobjects.code.t
ex
File: pgfcoreobjects.code.tex 2021/05/15 v3.1.9a (3.1.9a)
)
(/usr/share/texlive/texmf-dist/tex/generic/pgf/basiclayer/pgfcorepathprocessing
.code.tex
File: pgfcorepathprocessing.code.tex 2021/05/15 v3.1.9a (3.1.9a)
)
(/usr/share/texlive/texmf-dist/tex/generic/pgf/basiclayer/pgfcorearrows.code.te
x
File: pgfcorearrows.code.tex 2021/05/15 v3.1.9a (3.1.9a)
\pgfarrowsep=\dimen301
)
(/usr/share/texlive/texmf-dist/tex/generic/pgf/basiclayer/pgfcoreshade.code.tex
File: pgfcoreshade.code.tex 2021/05/15 v3.1.9a (3.1.9a)
\pgf@max=\dimen302
\pgf@sys@shading@range@num=\count334
\pgf@shadingcount=\count335
)
(/usr/share/texlive/texmf-dist/tex/generic/pgf/basiclayer/pgfcoreimage.code.tex
File: pgfcoreimage.code.tex 2021/05/15 v3.1.9a (3.1.9a)

(/usr/share/texlive/texmf-dist/tex/generic/pgf/basiclayer/pgfcoreexternal.code.
tex
File: pgfcoreexternal.code.tex 2021/05/15 v3.1.9a (3.1.9a)
\pgfexternal@startupbox=\box80
))
(/usr/share/texlive/texmf-dist/tex/generic/pgf/basiclayer/pgfcorelayers.code.te
x
File: pgfcorelayers.code.tex 2021/05/15 v3.1.9a (3.1.9a)
)
(/usr/share/texlive/texmf-dist/tex/generic/pgf/basiclayer/pgfcoretransparency.c
ode.tex
File: pgfcoretransparency.code.tex 2021/05/15 v3.1.9a (3.1.9a)
)
(/usr/share/texlive/texmf-dist/tex/generic/pgf/basiclayer/pgfcorepatterns.code.
tex
File: pgfcorepatterns.code.tex 2021/05/15 v3.1.9a (3.1.9a)
)
(/usr/share/texlive/texmf-dist/tex/generic/pgf/basiclayer/pgfcorerdf.code.tex
File: pgfcorerdf.code.tex 2021/05/15 v3.1.9a (3.1.9a)
)))
(/usr/share/texlive/texmf-dist/tex/generic/pgf/modules/pgfmoduleshapes.code.tex
File: pgfmoduleshapes.code.tex 2021/05/15 v3.1.9a (3.1.9a)
\pgfnodeparttextbox=\box81
) (/usr/share/texlive/texmf-dist/tex/generic/pgf/modules/pgfmoduleplot.code.tex
File: pgfmoduleplot.code.tex 2021/05/15 v3.1.9a (3.1.9a)
)
(/usr/share/texlive/texmf-dist/tex/latex/pgf/compatibility/pgfcomp-version-0-65
.sty
Package: pgfcomp-version-0-65 2021/05/15 v3.1.9a (3.1.9a)
\pgf@nodesepstart=\dimen303
\pgf@nodesepend=\dimen304
)
(/usr/share/texlive/texmf-dist/tex/latex/pgf/compatibility/pgfcomp-version-1-18
.sty
Package: pgfcomp-version-1-18 2021/05/15 v3.1.9a (3.1.9a)
)) (/usr/share/texlive/texmf-dist/tex/latex/pgf/utilities/pgffor.sty
(/usr/share/texlive/texmf-dist/tex/latex/pgf/utilities/pgfkeys.sty
(/usr/share/texlive/texmf-dist/tex/generic/pgf/utilities/pgfkeys.code.tex))
(/usr/share/texlive/texmf-dist/tex/latex/pgf/math/pgfmath.sty
(/usr/share/texlive/texmf-dist/tex/generic/pgf/math/pgfmath.code.tex))
(/usr/share/texlive/texmf-dist/tex/generic/pgf/utilities/pgffor.code.tex
Package: pgffor 2021/05/15 v3.1.9a (3.1.9a)

(/usr/share/texlive/texmf-dist/tex/generic/pgf/math/pgfmath.code.tex)
\pgffor@iter=\dimen305
\pgffor@skip=\dimen306
\pgffor@stack=\toks47
\pgffor@toks=\toks48
))
(/usr/share/texlive/texmf-dist/tex/generic/pgf/frontendlayer/tikz/tikz.code.tex
Package: tikz 2021/05/15 v3.1.9a (3.1.9a)

(/usr/share/texlive/texmf-dist/tex/generic/pgf/libraries/pgflibraryplothandlers
.code.tex
File: pgflibraryplothandlers.code.tex 2021/05/15 v3.1.9a (3.1.9a)
\pgf@plot@mark@count=\count336
\pgfplotmarksize=\dimen307
)
\tikz@lastx=\dimen308
\tikz@lasty=\dimen309
\tikz@lastxsaved=\dimen310
\tikz@lastysaved=\dimen311
\tikz@lastmovetox=\dimen312
\tikz@lastmovetoy=\dimen313
\tikzleveldistance=\dimen314
\tikzsiblingdistance=\dimen315
\tikz@figbox=\box82
\tikz@figbox@bg=\box83
\tikz@tempbox=\box84
\tikz@tempbox@bg=\box85
\tikztreelevel=\count337
\tikznumberofchildren=\count338
\tikznumberofcurrentchild=\count339
\tikz@fig@count=\count340

(/usr/share/texlive/texmf-dist/tex/generic/pgf/modules/pgfmodulematrix.code.tex
File: pgfmodulematrix.code.tex 2021/05/15 v3.1.9a (3.1.9a)
\pgfmatrixcurrentrow=\count341
\pgfmatrixcurrentcolumn=\count342
\pgf@matrix@numberofcolumns=\count343
)
\tikz@expandcount=\count344

(/usr/share/texlive/texmf-dist/tex/generic/pgf/frontendlayer/tikz/libraries/tik
zlibrarytopaths.code.tex
File: tikzlibrarytopaths.code.tex 2021/05/15 v3.1.9a (3.1.9a)
)))
(/usr/share/texlive/texmf-dist/tex/generic/pgf/frontendlayer/tikz/libraries/tik
zlibrarycalc.code.tex
File: tikzlibrarycalc.code.tex 2021/05/15 v3.1.9a (3.1.9a)
)
(/usr/share/texlive/texmf-dist/tex/generic/pgf/libraries/pgflibraryarrows.meta.
code.tex
File: pgflibraryarrows.meta.code.tex 2021/05/15 v3.1.9a (3.1.9a)
\pgfarrowinset=\dimen316
\pgfarrowlength=\dimen317
\pgfarrowwidth=\dimen318
\pgfarrowlinewidth=\dimen319
)
(/usr/share/texlive/texmf-dist/tex/generic/pgf/frontendlayer/tikz/libraries/tik
zlibrarybending.code.tex
File: tikzlibrarybending.code.tex 2021/05/15 v3.1.9a (3.1.9a)

(/usr/share/texlive/texmf-dist/tex/generic/pgf/modules/pgfmodulebending.code.te
x
File: pgfmodulebending.code.tex 2021/05/15 v3.1.9a (3.1.9a)

(/usr/share/texlive/texmf-dist/tex/generic/pgf/modules/pgfmodulenonlineartransf
ormations.code.tex
File: pgfmodulenonlineartransformations.code.tex 2021/05/15 v3.1.9a (3.1.9a)
\pgftransformnonlinearflatness=\dimen320
)
(/usr/share/texlive/texmf-dist/tex/generic/pgf/libraries/pgflibrarycurvilinear.
code.tex
File: pgflibrarycurvilinear.code.tex 2021/05/15 v3.1.9a (3.1.9a)
\pgf@curvilinear@time@a=\dimen321
\pgf@curvilinear@length@a=\dimen322
\pgf@curvilinear@length@b=\dimen323
\pgf@curvilinear@length@c=\dimen324
\pgf@curvilinear@length@d=\dimen325
)
\pgf@arrows@the@rigidity=\dimen326
))
(/usr/share/texlive/texmf-dist/tex/generic/pgf/frontendlayer/tikz/libraries/tik
zlibraryfpu.code.tex
(/usr/share/texlive/texmf-dist/tex/generic/pgf/libraries/pgflibraryfpu.code.tex
)) (/usr/share/texlive/texmf-dist/tex/generic/circuitikz/pgfcirc.defines.tex
\pgf@circ@count@a=\count345
\pgf@circ@count@b=\count346
\pgf@circ@count@c=\count347
\pgf@circ@res@up=\dimen327
\pgf@circ@res@down=\dimen328
\pgf@circ@res@zero=\dimen329
\pgf@circ@res@left=\dimen330
\pgf@circ@res@right=\dimen331
\pgf@circ@res@other=\dimen332
\pgf@circ@res@step=\dimen333
\pgf@circ@res@temp=\dimen334
\pgf@circ@Rlen=\dimen335
\pgf@circ@scaled@Rlen=\dimen336
\pgfstartlinewidth=\dimen337
)
(/usr/share/texlive/texmf-dist/tex/generic/circuitikz/pgfcircutils.tex
\ctikz@scratchbox=\box86
)
(/usr/share/texlive/texmf-dist/tex/generic/circuitikz/pgfcircpath.tex)
(/usr/share/texlive/texmf-dist/tex/generic/circuitikz/pgfcircshapes.tex)
(/usr/share/texlive/texmf-dist/tex/generic/circuitikz/pgfcircmonopoles.tex)
(/usr/share/texlive/texmf-dist/tex/generic/circuitikz/pgfcircbipoles.tex)
(/usr/share/texlive/texmf-dist/tex/generic/circuitikz/pgfcirctripoles.tex
\pgf@circ@res@count=\count348
)
(/usr/share/texlive/texmf-dist/tex/generic/circuitikz/pgfcircquadpoles.tex)
(/usr/share/texlive/texmf-dist/tex/generic/circuitikz/pgfcircmultipoles.tex)
(/usr/share/texlive/texmf-dist/tex/generic/circuitikz/pgfcirclabel.tex)
(/usr/share/texlive/texmf-dist/tex/generic/circuitikz/pgfcircvoltage.tex
\pgfcirc@labelshift=\dimen338
)
(/usr/share/texlive/texmf-dist/tex/generic/circuitikz/pgfcirccurrent.tex)
(/usr/share/texlive/texmf-dist/tex/generic/circuitikz/pgfcircflow.tex))
(/usr/share/texlive/texmf-dist/tex/latex/listings/listings.sty
\lst@mode=\count349
\lst@gtempboxa=\box87
\lst@token=\toks49
\lst@length=\count350
\lst@currlwidth=\dimen339
\lst@column=\count351
\lst@pos=\count352
\lst@lostspace=\dimen340
\lst@width=\dimen341
\lst@newlines=\count353
\lst@lineno=\count354
\lst@maxwidth=\dimen342

(/usr/share/texlive/texmf-dist/tex/latex/listings/lstmisc.sty
File: lstmisc.sty 2020/03/24 1.8d (Carsten Heinz)
\c@lstnumber=\count355
\lst@skipnumbers=\count356
\lst@framebox=\box88
)
(/usr/share/texlive/texmf-dist/tex/latex/listings/listings.cfg
File: listings.cfg 2020/03/24 1.8d listings configuration
))
Package: listings 2020/03/24 1.8d (Carsten Heinz)

Package siunitx Info: Option "separate-uncertainty" has been deprecated in
(siunitx)             this release.
(siunitx)             
(siunitx)             Use "uncertainty-mode = separate" as a replacement.

)
(/usr/share/texlive/texmf-dist/tex/latex/pdfpages/pdfpages.sty
Package: pdfpages 2022/01/29 v0.5u Insert pages of external PDF documents (AM)

(/usr/share/texlive/texmf-dist/tex/latex/base/ifthen.sty
Package: ifthen 2020/11/24 v1.1c Standard LaTeX ifthen package (DPC)
)
(/usr/share/texlive/texmf-dist/tex/latex/eso-pic/eso-pic.sty
Package: eso-pic 2020/10/14 v3.0a eso-pic (RN)
\ESO@tempdima=\dimen343
\ESO@tempdimb=\dimen344
)
\AM@pagewidth=\dimen345
\AM@pageheight=\dimen346
\AM@fboxrule=\dimen347

(/usr/share/texlive/texmf-dist/tex/latex/pdfpages/pppdftex.def
File: pppdftex.def 2022/01/29 v0.5u Pdfpages driver for pdfTeX (AM)
)
\pdfpages@includegraphics@status=\count357
\AM@pagebox=\box89
\AM@global@opts=\toks50
\AM@pagecnt=\count358
\AM@toc@title=\toks51
\c@AM@survey=\count359
\AM@templatesizebox=\box90
) (./main.aux
LaTeX Info: Redefining \. on input line 25.
LaTeX Info: Redefining \% on input line 25.
)
\openout1 = `main.aux'.

LaTeX Font Info:    Checking defaults for OML/cmm/m/it on input line 5.
LaTeX Font Info:    ... okay on input line 5.
LaTeX Font Info:    Checking defaults for OMS/cmsy/m/n on input line 5.
LaTeX Font Info:    ... okay on input line 5.
LaTeX Font Info:    Checking defaults for OT1/cmr/m/n on input line 5.
LaTeX Font Info:    ... okay on input line 5.
LaTeX Font Info:    Checking defaults for T1/cmr/m/n on input line 5.
LaTeX Font Info:    ... okay on input line 5.
LaTeX Font Info:    Checking defaults for TS1/cmr/m/n on input line 5.
LaTeX Font Info:    ... okay on input line 5.
LaTeX Font Info:    Checking defaults for OMX/cmex/m/n on input line 5.
LaTeX Font Info:    ... okay on input line 5.
LaTeX Font Info:    Checking defaults for U/cmr/m/n on input line 5.
LaTeX Font Info:    ... okay on input line 5.
LaTeX Font Info:    Checking defaults for PD1/pdf/m/n on input line 5.
LaTeX Font Info:    ... okay on input line 5.
LaTeX Font Info:    Checking defaults for PU/pdf/m/n on input line 5.
LaTeX Font Info:    ... okay on input line 5.

(/usr/share/texlive/texmf-dist/tex/latex/ucs/ucsencs.def
File: ucsencs.def 2011/01/21 Fixes to fontencodings LGR, T3
)
Package hyperref Info: Link coloring OFF on input line 5.

(/usr/share/texlive/texmf-dist/tex/latex/hyperref/nameref.sty
Package: nameref 2021-04-02 v2.47 Cross-referencing by name of section

(/usr/share/texlive/texmf-dist/tex/latex/refcount/refcount.sty
Package: refcount 2019/12/15 v3.6 Data extraction from label references (HO)
)
(/usr/share/texlive/texmf-dist/tex/generic/gettitlestring/gettitlestring.sty
Package: gettitlestring 2019/12/15 v1.6 Cleanup title references (HO)
)
\c@section@level=\count360
)
LaTeX Info: Redefining \ref on input line 5.
LaTeX Info: Redefining \pageref on input line 5.
LaTeX Info: Redefining \nameref on input line 5.

(./main.out) (./main.out)
\@outlinefile=\write5
\openout5 = `main.out'.

LaTeX Info: Redefining \. on input line 5.
LaTeX Info: Redefining \% on input line 5.

*geometry* driver: auto-detecting
*geometry* detected driver: pdftex
*geometry* verbose mode - [ preamble ] result:
* driver: pdftex
* paper: a4paper
* layout: <same size as paper>
* layoutoffset:(h,v)=(0.0pt,0.0pt)
* modes: 
* h-part:(L,W,R)=(65.44142pt, 466.62503pt, 65.44142pt)
* v-part:(T,H,B)=(85.35826pt, 674.33032pt, 85.35826pt)
* \paperwidth=597.50787pt
* \paperheight=845.04684pt
* \textwidth=466.62503pt
* \textheight=674.33032pt
* \oddsidemargin=-6.82857pt
* \evensidemargin=-6.82857pt
* \topmargin=-23.91173pt
* \headheight=12.0pt
* \headsep=25.0pt
* \topskip=11.0pt
* \footskip=30.0pt
* \marginparwidth=50.0pt
* \marginparsep=10.0pt
* \columnsep=10.0pt
* \skip\footins=10.0pt plus 4.0pt minus 2.0pt
* \hoffset=0.0pt
* \voffset=0.0pt
* \mag=1000
* \@twocolumnfalse
* \@twosidefalse
* \@mparswitchfalse
* \@reversemarginfalse
* (1in=72.27pt=25.4mm, 1cm=28.453pt)

(/usr/share/texlive/texmf-dist/tex/context/base/mkii/supp-pdf.mkii
[Loading MPS to PDF converter (version 2006.09.02).]
\scratchcounter=\count361
\scratchdimen=\dimen348
\scratchbox=\box91
\nofMPsegments=\count362
\nofMParguments=\count363
\everyMPshowfont=\toks52
\MPscratchCnt=\count364
\MPscratchDim=\dimen349
\MPnumerator=\count365
\makeMPintoPDFobject=\count366
\everyMPtoPDFconversion=\toks53
) (/usr/share/texlive/texmf-dist/tex/latex/epstopdf-pkg/epstopdf-base.sty
Package: epstopdf-base 2020-01-24 v2.11 Base part for package epstopdf
Package epstopdf-base Info: Redefining graphics rule for `.eps' on input line 4
85.

(/usr/share/texlive/texmf-dist/tex/latex/latexconfig/epstopdf-sys.cfg
File: epstopdf-sys.cfg 2010/07/13 v1.3 Configuration of (r)epstopdf for TeX Liv
e
))
Package caption Info: Begin \AtBeginDocument code.
Package caption Info: listings package is loaded.
Package caption Info: End \AtBeginDocument code.

(/usr/share/texlive/texmf-dist/tex/latex/translations/translations-basic-dictio
nary-spanish.trsl
File: translations-basic-dictionary-spanish.trsl (spanish translation file `tra
nslations-basic-dictionary')
)
Package translations Info: loading dictionary `translations-basic-dictionary' f
or `spanish'. on input line 5.
\c@lstlisting=\count367

(/usr/share/texlive/texmf-dist/tex/latex/pdflscape/pdflscape.sty
Package: pdflscape 2019/12/05 v0.12 Display of landscape pages in PDF (HO)

(/usr/share/texlive/texmf-dist/tex/latex/graphics/lscape.sty
Package: lscape 2020/05/28 v3.02 Landscape Pages (DPC)
)
Package pdflscape Info: Auto-detected driver: pdftex on input line 81.
) (./caratula.tex
<./figuras/logo_utn.jpg, id=199, 295.1025pt x 302.12875pt>
File: ./figuras/logo_utn.jpg Graphic file (type jpg)
<use ./figuras/logo_utn.jpg>
Package pdftex.def Info: ./figuras/logo_utn.jpg  used on input line 6.
(pdftex.def)             Requested size: 147.55087pt x 151.064pt.

(/usr/share/texlive/texmf-dist/tex/latex/ucs/data/uni-0.def
File: uni-0.def 2013/05/13 UCS: Unicode data U+0000..U+00FF
)
LaTeX Font Info:    Trying to load font information for U+msa on input line 15.


(/usr/share/texlive/texmf-dist/tex/latex/amsfonts/umsa.fd
File: umsa.fd 2013/01/14 v3.01 AMS symbols A
)
LaTeX Font Info:    Trying to load font information for U+msb on input line 15.


(/usr/share/texlive/texmf-dist/tex/latex/amsfonts/umsb.fd
File: umsb.fd 2013/01/14 v3.01 AMS symbols B
)
LaTeX Font Info:    Trying to load font information for T1+cmtt on input line 2
7.

(/usr/share/texlive/texmf-dist/tex/latex/base/t1cmtt.fd
File: t1cmtt.fd 2019/12/16 v2.5j Standard LaTeX font definitions
) [1

{/var/lib/texmf/fonts/map/pdftex/updmap/pdftex.map} <./figuras/logo_utn.jpg>] (
./main.toc
LaTeX Info: Redefining \. on input line 1.
LaTeX Info: Redefining \% on input line 1.
LaTeX Info: Redefining \. on input line 45.
LaTeX Info: Redefining \% on input line 45.


Package fancyhdr Warning: \headheight is too small (12.0pt): 
(fancyhdr)                Make it at least 13.59999pt, for example:
(fancyhdr)                \setlength{\headheight}{13.59999pt}.
(fancyhdr)                You might also make \topmargin smaller to compensate:

(fancyhdr)                \addtolength{\topmargin}{-1.59999pt}.

pdfTeX warning (ext4): destination with the same identifier (name{page.1}) has 
been already used, duplicate ignored
<to be read again> 
                   \relax 
l.45 ...ollok: Monetizaciones}{23}{subsection.8.2}
                                                  % [1])
\tf@toc=\write6
\openout6 = `main.toc'.

 [2])
(/usr/share/texlive/texmf-dist/tex/latex/listings/lstlang1.sty
File: lstlang1.sty 2020/03/24 1.8d listings language file
)
Package hyperref Info: bookmark level for unknown lstlisting defaults to 0 on i
nput line 56.

(./codigos/video17_e1_pepita/src/pepita.wlk
LaTeX Font Info:    Font shape `T1/cmtt/bx/it' in size <10> not available
(Font)              Font shape `T1/cmtt/m/it' tried instead on input line 15.


Package fancyhdr Warning: \headheight is too small (12.0pt): 
(fancyhdr)                Make it at least 13.59999pt, for example:
(fancyhdr)                \setlength{\headheight}{13.59999pt}.
(fancyhdr)                You might also make \topmargin smaller to compensate:

(fancyhdr)                \addtolength{\topmargin}{-1.59999pt}.

pdfTeX warning (ext4): destination with the same identifier (name{page.1}) has 
been already used, duplicate ignored
<to be read again> 
                   \relax 
l.19 	/*
         [1]) (./codigos/video17_e1_pepita/src/emilia.wlk
LaTeX Font Info:    Font shape `T1/cmtt/bx/n' in size <10> not available
(Font)              Font shape `T1/cmtt/m/n' tried instead on input line 1.
)
(./codigos/video17_e1_pepita/src/test_emilia_pepita.wtest
LaTeX Info: Redefining \. on input line 8.
LaTeX Info: Redefining \% on input line 8.


Package fancyhdr Warning: \headheight is too small (12.0pt): 
(fancyhdr)                Make it at least 13.59999pt, for example:
(fancyhdr)                \setlength{\headheight}{13.59999pt}.
(fancyhdr)                You might also make \topmargin smaller to compensate:

(fancyhdr)                \addtolength{\topmargin}{-1.59999pt}.

pdfTeX warning (ext4): destination with the same identifier (name{page.2}) has 
been already used, duplicate ignored
<to be read again> 
                   \relax 
l.8 		assert.
             equals(100,pepita.energia()) [2])
<figuras/test_pepita_emilia.png, id=338, 545.03625pt x 214.8025pt>
File: figuras/test_pepita_emilia.png Graphic file (type png)
<use figuras/test_pepita_emilia.png>
Package pdftex.def Info: figuras/test_pepita_emilia.png  used on input line 81.

(pdftex.def)             Requested size: 381.52278pt x 150.36072pt.

(./codigos/video17_e1_pepita/src/pepote.wlk
LaTeX Info: Redefining \. on input line 1.
LaTeX Info: Redefining \% on input line 1.


Package fancyhdr Warning: \headheight is too small (12.0pt): 
(fancyhdr)                Make it at least 13.59999pt, for example:
(fancyhdr)                \setlength{\headheight}{13.59999pt}.
(fancyhdr)                You might also make \topmargin smaller to compensate:

(fancyhdr)                \addtolength{\topmargin}{-1.59999pt}.

[3 <./figuras/test_pepita_emilia.png>])
(./codigos/video17_e1_pepita/src/test_emilia_pepote.wtest)
<figuras/test_pepote_emilia.png, id=364, 542.025pt x 205.76875pt>
File: figuras/test_pepote_emilia.png Graphic file (type png)
<use figuras/test_pepote_emilia.png>
Package pdftex.def Info: figuras/test_pepote_emilia.png  used on input line 103
.
(pdftex.def)             Requested size: 379.4149pt x 144.03712pt.
LaTeX Info: Redefining \. on input line 107.
LaTeX Info: Redefining \% on input line 107.


Package fancyhdr Warning: \headheight is too small (12.0pt): 
(fancyhdr)                Make it at least 13.59999pt, for example:
(fancyhdr)                \setlength{\headheight}{13.59999pt}.
(fancyhdr)                You might also make \topmargin smaller to compensate:

(fancyhdr)                \addtolength{\topmargin}{-1.59999pt}.

[4] (./codigos/video17_e1_pepita/src/ramiro.wlk
LaTeX Info: Redefining \. on input line 8.
LaTeX Info: Redefining \% on input line 8.


Package fancyhdr Warning: \headheight is too small (12.0pt): 
(fancyhdr)                Make it at least 13.59999pt, for example:
(fancyhdr)                \setlength{\headheight}{13.59999pt}.
(fancyhdr)                You might also make \topmargin smaller to compensate:

(fancyhdr)                \addtolength{\topmargin}{-1.59999pt}.

[5 <./figuras/test_pepote_emilia.png>])
(./codigos/video17_e1_pepita/src/test_ramiro_pepita_pepote.wtest
LaTeX Info: Redefining \. on input line 23.
LaTeX Info: Redefining \% on input line 23.


Package fancyhdr Warning: \headheight is too small (12.0pt): 
(fancyhdr)                Make it at least 13.59999pt, for example:
(fancyhdr)                \setlength{\headheight}{13.59999pt}.
(fancyhdr)                You might also make \topmargin smaller to compensate:

(fancyhdr)                \addtolength{\topmargin}{-1.59999pt}.

[6])
<figuras/test_ramiro_pepita_pepote.png, id=469, 979.66pt x 315.1775pt>
File: figuras/test_ramiro_pepita_pepote.png Graphic file (type png)
<use figuras/test_ramiro_pepita_pepote.png>
Package pdftex.def Info: figuras/test_ramiro_pepita_pepote.png  used on input l
ine 143.
(pdftex.def)             Requested size: 489.82881pt x 157.58836pt.

Overfull \hbox (23.20378pt too wide) in paragraph at lines 143--144
 [][] 
 []

LaTeX Info: Redefining \. on input line 147.
LaTeX Info: Redefining \% on input line 147.

Package fancyhdr Warning: \headheight is too small (12.0pt): 
(fancyhdr)                Make it at least 13.59999pt, for example:
(fancyhdr)                \setlength{\headheight}{13.59999pt}.
(fancyhdr)                You might also make \topmargin smaller to compensate:

(fancyhdr)                \addtolength{\topmargin}{-1.59999pt}.

[7]
LaTeX Info: Redefining \. on input line 149.
LaTeX Info: Redefining \% on input line 149.


Package fancyhdr Warning: \headheight is too small (12.0pt): 
(fancyhdr)                Make it at least 13.59999pt, for example:
(fancyhdr)                \setlength{\headheight}{13.59999pt}.
(fancyhdr)                You might also make \topmargin smaller to compensate:

(fancyhdr)                \addtolength{\topmargin}{-1.59999pt}.

[8 <./figuras/test_ramiro_pepita_pepote.png>]
(./codigos/Video18_e1_la_feria/src/jugadores.wlk)
(./codigos/Video18_e1_la_feria/src/juegos.wlk

Package fancyhdr Warning: \headheight is too small (12.0pt): 
(fancyhdr)                Make it at least 13.59999pt, for example:
(fancyhdr)                \setlength{\headheight}{13.59999pt}.
(fancyhdr)                You might also make \topmargin smaller to compensate:

(fancyhdr)                \addtolength{\topmargin}{-1.59999pt}.

[9]) (./codigos/Video18_e1_la_feria/src/premios.wlk)
(./codigos/Video18_e1_la_feria/src/test_julieta_juega_en_la_feria.wtest
LaTeX Info: Redefining \. on input line 26.
LaTeX Info: Redefining \% on input line 26.


Package fancyhdr Warning: \headheight is too small (12.0pt): 
(fancyhdr)                Make it at least 13.59999pt, for example:
(fancyhdr)                \setlength{\headheight}{13.59999pt}.
(fancyhdr)                You might also make \topmargin smaller to compensate:

(fancyhdr)                \addtolength{\topmargin}{-1.59999pt}.

[10])
<figuras/test_julieta_juega_en_la_feria.png, id=616, 1229.59375pt x 360.34625pt
>
File: figuras/test_julieta_juega_en_la_feria.png Graphic file (type png)
<use figuras/test_julieta_juega_en_la_feria.png>
Package pdftex.def Info: figuras/test_julieta_juega_en_la_feria.png  used on in
put line 169.
(pdftex.def)             Requested size: 491.8288pt x 144.13594pt.

Overfull \hbox (25.20377pt too wide) in paragraph at lines 169--170
 [][] 
 []

LaTeX Info: Redefining \. on input line 175.
LaTeX Info: Redefining \% on input line 175.

Package fancyhdr Warning: \headheight is too small (12.0pt): 
(fancyhdr)                Make it at least 13.59999pt, for example:
(fancyhdr)                \setlength{\headheight}{13.59999pt}.
(fancyhdr)                You might also make \topmargin smaller to compensate:

(fancyhdr)                \addtolength{\topmargin}{-1.59999pt}.

[11 <./figuras/test_julieta_juega_en_la_feria.png>]
(./codigos/Video19_e1_ClaseGolondrina/src/golondrina.wlk)
(./codigos/Video19_e1_ClaseGolondrina/src/test_golondrina.wtest)
<figuras/test_clase_golondrina.png, id=652, 493.845pt x 190.7125pt>
File: figuras/test_clase_golondrina.png Graphic file (type png)
<use figuras/test_clase_golondrina.png>
Package pdftex.def Info: figuras/test_clase_golondrina.png  used on input line 
190.
(pdftex.def)             Requested size: 197.53448pt x 76.28363pt.


Package fancyhdr Warning: \headheight is too small (12.0pt): 
(fancyhdr)                Make it at least 13.59999pt, for example:
(fancyhdr)                \setlength{\headheight}{13.59999pt}.
(fancyhdr)                You might also make \topmargin smaller to compensate:

(fancyhdr)                \addtolength{\topmargin}{-1.59999pt}.

[12 <./figuras/test_clase_golondrina.png>]
Underfull \hbox (badness 10000) in paragraph at lines 200--201

 []

<figuras/operaciones_listas.png, id=691, 257.96375pt x 246.9225pt>
File: figuras/operaciones_listas.png Graphic file (type png)
<use figuras/operaciones_listas.png>
Package pdftex.def Info: figuras/operaciones_listas.png  used on input line 206
.
(pdftex.def)             Requested size: 128.98155pt x 123.46094pt.
(./codigos/Video20_e1_Animales/src/vaca.wlk)

Package fancyhdr Warning: \headheight is too small (12.0pt): 
(fancyhdr)                Make it at least 13.59999pt, for example:
(fancyhdr)                \setlength{\headheight}{13.59999pt}.
(fancyhdr)                You might also make \topmargin smaller to compensate:

(fancyhdr)                \addtolength{\topmargin}{-1.59999pt}.

[13 <./figuras/operaciones_listas.png>]
(./codigos/Video20_e1_Animales/src/cabra.wlk)
(./codigos/Video20_e1_Animales/src/corral.wlk)
(./codigos/Video20_e1_Animales/src/test_vacas.wtest
LaTeX Info: Redefining \. on input line 18.
LaTeX Info: Redefining \% on input line 18.


Package fancyhdr Warning: \headheight is too small (12.0pt): 
(fancyhdr)                Make it at least 13.59999pt, for example:
(fancyhdr)                \setlength{\headheight}{13.59999pt}.
(fancyhdr)                You might also make \topmargin smaller to compensate:

(fancyhdr)                \addtolength{\topmargin}{-1.59999pt}.

[14])
LaTeX Info: Redefining \. on input line 243.
LaTeX Info: Redefining \% on input line 243.


Package fancyhdr Warning: \headheight is too small (12.0pt): 
(fancyhdr)                Make it at least 13.59999pt, for example:
(fancyhdr)                \setlength{\headheight}{13.59999pt}.
(fancyhdr)                You might also make \topmargin smaller to compensate:

(fancyhdr)                \addtolength{\topmargin}{-1.59999pt}.

[15] (./codigos/Video21_e1_TanquesDeGuerra/src/tanque.wlk)
(./codigos/Video21_e1_TanquesDeGuerra/src/arma.wlk

Package fancyhdr Warning: \headheight is too small (12.0pt): 
(fancyhdr)                Make it at least 13.59999pt, for example:
(fancyhdr)                \setlength{\headheight}{13.59999pt}.
(fancyhdr)                You might also make \topmargin smaller to compensate:

(fancyhdr)                \addtolength{\topmargin}{-1.59999pt}.

[16]
LaTeX Info: Redefining \. on input line 66.
LaTeX Info: Redefining \% on input line 66.


Package fancyhdr Warning: \headheight is too small (12.0pt): 
(fancyhdr)                Make it at least 13.59999pt, for example:
(fancyhdr)                \setlength{\headheight}{13.59999pt}.
(fancyhdr)                You might also make \topmargin smaller to compensate:

(fancyhdr)                \addtolength{\topmargin}{-1.59999pt}.

[17])
LaTeX Info: Redefining \. on input line 254.
LaTeX Info: Redefining \% on input line 254.


Package fancyhdr Warning: \headheight is too small (12.0pt): 
(fancyhdr)                Make it at least 13.59999pt, for example:
(fancyhdr)                \setlength{\headheight}{13.59999pt}.
(fancyhdr)                You might also make \topmargin smaller to compensate:

(fancyhdr)                \addtolength{\topmargin}{-1.59999pt}.

[18] (./codigos/Video22_e1_PorLaHorda/src/juego.wlk

Package fancyhdr Warning: \headheight is too small (12.0pt): 
(fancyhdr)                Make it at least 13.59999pt, for example:
(fancyhdr)                \setlength{\headheight}{13.59999pt}.
(fancyhdr)                You might also make \topmargin smaller to compensate:

(fancyhdr)                \addtolength{\topmargin}{-1.59999pt}.

[19])
LaTeX Info: Redefining \. on input line 261.
LaTeX Info: Redefining \% on input line 261.


Package fancyhdr Warning: \headheight is too small (12.0pt): 
(fancyhdr)                Make it at least 13.59999pt, for example:
(fancyhdr)                \setlength{\headheight}{13.59999pt}.
(fancyhdr)                You might also make \topmargin smaller to compensate:

(fancyhdr)                \addtolength{\topmargin}{-1.59999pt}.

[20] (./codigos/Video23_e1_ErroresImpresiones/src/impresora.wlk)
(./codigos/Video23_e1_ErroresImpresiones/src/cabezal.wlk

Package fancyhdr Warning: \headheight is too small (12.0pt): 
(fancyhdr)                Make it at least 13.59999pt, for example:
(fancyhdr)                \setlength{\headheight}{13.59999pt}.
(fancyhdr)                You might also make \topmargin smaller to compensate:

(fancyhdr)                \addtolength{\topmargin}{-1.59999pt}.

[21]) (./codigos/Video23_e1_ErroresImpresiones/src/cartucho.wlk)
LaTeX Info: Redefining \. on input line 274.
LaTeX Info: Redefining \% on input line 274.


Package fancyhdr Warning: \headheight is too small (12.0pt): 
(fancyhdr)                Make it at least 13.59999pt, for example:
(fancyhdr)                \setlength{\headheight}{13.59999pt}.
(fancyhdr)                You might also make \topmargin smaller to compensate:

(fancyhdr)                \addtolength{\topmargin}{-1.59999pt}.

[22] (./codigos/Video24_Parcial_Monetizacion/src/contenido.wlk)
(./codigos/Video24_Parcial_Monetizacion/src/monetizaciones.wlk

Package fancyhdr Warning: \headheight is too small (12.0pt): 
(fancyhdr)                Make it at least 13.59999pt, for example:
(fancyhdr)                \setlength{\headheight}{13.59999pt}.
(fancyhdr)                You might also make \topmargin smaller to compensate:

(fancyhdr)                \addtolength{\topmargin}{-1.59999pt}.

[23]) (./codigos/Video24_Parcial_Monetizacion/src/usuarios.wlk
LaTeX Info: Redefining \. on input line 22.
LaTeX Info: Redefining \% on input line 22.


Package fancyhdr Warning: \headheight is too small (12.0pt): 
(fancyhdr)                Make it at least 13.59999pt, for example:
(fancyhdr)                \setlength{\headheight}{13.59999pt}.
(fancyhdr)                You might also make \topmargin smaller to compensate:

(fancyhdr)                \addtolength{\topmargin}{-1.59999pt}.

[24])
LaTeX Info: Redefining \. on input line 287.
LaTeX Info: Redefining \% on input line 287.


Package fancyhdr Warning: \headheight is too small (12.0pt): 
(fancyhdr)                Make it at least 13.59999pt, for example:
(fancyhdr)                \setlength{\headheight}{13.59999pt}.
(fancyhdr)                You might also make \topmargin smaller to compensate:

(fancyhdr)                \addtolength{\topmargin}{-1.59999pt}.

[25] (./codigos/Video25_Parcial_Computadoras/src/computadoras.wlk

Package fancyhdr Warning: \headheight is too small (12.0pt): 
(fancyhdr)                Make it at least 13.59999pt, for example:
(fancyhdr)                \setlength{\headheight}{13.59999pt}.
(fancyhdr)                You might also make \topmargin smaller to compensate:

(fancyhdr)                \addtolength{\topmargin}{-1.59999pt}.

[26]) (./codigos/Video25_Parcial_Computadoras/src/modos.wlk
LaTeX Info: Redefining \. on input line 26.
LaTeX Info: Redefining \% on input line 26.


Package fancyhdr Warning: \headheight is too small (12.0pt): 
(fancyhdr)                Make it at least 13.59999pt, for example:
(fancyhdr)                \setlength{\headheight}{13.59999pt}.
(fancyhdr)                You might also make \topmargin smaller to compensate:

(fancyhdr)                \addtolength{\topmargin}{-1.59999pt}.

[27])
LaTeX Info: Redefining \. on input line 297.
LaTeX Info: Redefining \% on input line 297.


Package fancyhdr Warning: \headheight is too small (12.0pt): 
(fancyhdr)                Make it at least 13.59999pt, for example:
(fancyhdr)                \setlength{\headheight}{13.59999pt}.
(fancyhdr)                You might also make \topmargin smaller to compensate:

(fancyhdr)                \addtolength{\topmargin}{-1.59999pt}.

[28]
<LaFeriaVideo18.pdf, id=1393, 598.235pt x 845.1575pt>
File: LaFeriaVideo18.pdf Graphic file (type pdf)
<use LaFeriaVideo18.pdf>
Package pdftex.def Info: LaFeriaVideo18.pdf  used on input line 299.
(pdftex.def)             Requested size: 598.23354pt x 845.15544pt.
File: LaFeriaVideo18.pdf Graphic file (type pdf)
<use LaFeriaVideo18.pdf>
Package pdftex.def Info: LaFeriaVideo18.pdf  used on input line 299.
(pdftex.def)             Requested size: 598.23354pt x 845.15544pt.
<LaFeriaVideo18.pdf, id=1396, page=1, 598.235pt x 845.1575pt>
File: LaFeriaVideo18.pdf Graphic file (type pdf)
<use LaFeriaVideo18.pdf, page 1>
Package pdftex.def Info: LaFeriaVideo18.pdf , page1 used on input line 299.
(pdftex.def)             Requested size: 598.23354pt x 845.15544pt.
File: LaFeriaVideo18.pdf Graphic file (type pdf)
<use LaFeriaVideo18.pdf, page 1>
Package pdftex.def Info: LaFeriaVideo18.pdf , page1 used on input line 299.
(pdftex.def)             Requested size: 597.7406pt x 844.45905pt.
File: LaFeriaVideo18.pdf Graphic file (type pdf)
<use LaFeriaVideo18.pdf, page 1>
Package pdftex.def Info: LaFeriaVideo18.pdf , page1 used on input line 299.
(pdftex.def)             Requested size: 597.7406pt x 844.45905pt.
File: LaFeriaVideo18.pdf Graphic file (type pdf)
<use LaFeriaVideo18.pdf, page 1>
Package pdftex.def Info: LaFeriaVideo18.pdf , page1 used on input line 299.
(pdftex.def)             Requested size: 597.7406pt x 844.45905pt.
File: LaFeriaVideo18.pdf Graphic file (type pdf)
<use LaFeriaVideo18.pdf, page 1>
Package pdftex.def Info: LaFeriaVideo18.pdf , page1 used on input line 299.
(pdftex.def)             Requested size: 597.7406pt x 844.45905pt.
 [29 <./LaFeriaVideo18.pdf>]
<PorLaHordaVideo22.pdf, id=1421, 598.235pt x 845.1575pt>
File: PorLaHordaVideo22.pdf Graphic file (type pdf)
<use PorLaHordaVideo22.pdf>
Package pdftex.def Info: PorLaHordaVideo22.pdf  used on input line 300.
(pdftex.def)             Requested size: 598.23354pt x 845.15544pt.
File: PorLaHordaVideo22.pdf Graphic file (type pdf)
<use PorLaHordaVideo22.pdf>
Package pdftex.def Info: PorLaHordaVideo22.pdf  used on input line 300.
(pdftex.def)             Requested size: 598.23354pt x 845.15544pt.
<PorLaHordaVideo22.pdf, id=1424, page=1, 598.235pt x 845.1575pt>
File: PorLaHordaVideo22.pdf Graphic file (type pdf)
<use PorLaHordaVideo22.pdf, page 1>
Package pdftex.def Info: PorLaHordaVideo22.pdf , page1 used on input line 300.
(pdftex.def)             Requested size: 598.23354pt x 845.15544pt.
File: PorLaHordaVideo22.pdf Graphic file (type pdf)
<use PorLaHordaVideo22.pdf, page 1>
Package pdftex.def Info: PorLaHordaVideo22.pdf , page1 used on input line 300.
(pdftex.def)             Requested size: 597.7406pt x 844.45905pt.
File: PorLaHordaVideo22.pdf Graphic file (type pdf)
<use PorLaHordaVideo22.pdf, page 1>
Package pdftex.def Info: PorLaHordaVideo22.pdf , page1 used on input line 300.
(pdftex.def)             Requested size: 597.7406pt x 844.45905pt.
File: PorLaHordaVideo22.pdf Graphic file (type pdf)
<use PorLaHordaVideo22.pdf, page 1>
Package pdftex.def Info: PorLaHordaVideo22.pdf , page1 used on input line 300.
(pdftex.def)             Requested size: 597.7406pt x 844.45905pt.
File: PorLaHordaVideo22.pdf Graphic file (type pdf)
<use PorLaHordaVideo22.pdf, page 1>
Package pdftex.def Info: PorLaHordaVideo22.pdf , page1 used on input line 300.
(pdftex.def)             Requested size: 597.7406pt x 844.45905pt.
 [30 <./PorLaHordaVideo22.pdf>]
<PorLaHordaVideo22.pdf, id=1443, page=2, 598.235pt x 845.1575pt>
File: PorLaHordaVideo22.pdf Graphic file (type pdf)
<use PorLaHordaVideo22.pdf, page 2>
Package pdftex.def Info: PorLaHordaVideo22.pdf , page2 used on input line 300.
(pdftex.def)             Requested size: 597.7406pt x 844.45905pt.
File: PorLaHordaVideo22.pdf Graphic file (type pdf)
<use PorLaHordaVideo22.pdf, page 2>
Package pdftex.def Info: PorLaHordaVideo22.pdf , page2 used on input line 300.
(pdftex.def)             Requested size: 597.7406pt x 844.45905pt.
File: PorLaHordaVideo22.pdf Graphic file (type pdf)
<use PorLaHordaVideo22.pdf, page 2>
Package pdftex.def Info: PorLaHordaVideo22.pdf , page2 used on input line 300.
(pdftex.def)             Requested size: 597.7406pt x 844.45905pt.
 [31 <./PorLaHordaVideo22.pdf>]
<PdeP_ParcialObjetos_Monetizacion.pdf, id=1448, 598.235pt x 845.1575pt>
File: PdeP_ParcialObjetos_Monetizacion.pdf Graphic file (type pdf)
<use PdeP_ParcialObjetos_Monetizacion.pdf>
Package pdftex.def Info: PdeP_ParcialObjetos_Monetizacion.pdf  used on input li
ne 301.
(pdftex.def)             Requested size: 598.23354pt x 845.15544pt.
File: PdeP_ParcialObjetos_Monetizacion.pdf Graphic file (type pdf)
<use PdeP_ParcialObjetos_Monetizacion.pdf>
Package pdftex.def Info: PdeP_ParcialObjetos_Monetizacion.pdf  used on input li
ne 301.
(pdftex.def)             Requested size: 598.23354pt x 845.15544pt.
<PdeP_ParcialObjetos_Monetizacion.pdf, id=1451, page=1, 598.235pt x 845.1575pt>

File: PdeP_ParcialObjetos_Monetizacion.pdf Graphic file (type pdf)
<use PdeP_ParcialObjetos_Monetizacion.pdf, page 1>
Package pdftex.def Info: PdeP_ParcialObjetos_Monetizacion.pdf , page1 used on i
nput line 301.
(pdftex.def)             Requested size: 598.23354pt x 845.15544pt.
File: PdeP_ParcialObjetos_Monetizacion.pdf Graphic file (type pdf)
<use PdeP_ParcialObjetos_Monetizacion.pdf, page 1>
Package pdftex.def Info: PdeP_ParcialObjetos_Monetizacion.pdf , page1 used on i
nput line 301.
(pdftex.def)             Requested size: 597.7406pt x 844.45905pt.
File: PdeP_ParcialObjetos_Monetizacion.pdf Graphic file (type pdf)
<use PdeP_ParcialObjetos_Monetizacion.pdf, page 1>
Package pdftex.def Info: PdeP_ParcialObjetos_Monetizacion.pdf , page1 used on i
nput line 301.
(pdftex.def)             Requested size: 597.7406pt x 844.45905pt.
File: PdeP_ParcialObjetos_Monetizacion.pdf Graphic file (type pdf)
<use PdeP_ParcialObjetos_Monetizacion.pdf, page 1>
Package pdftex.def Info: PdeP_ParcialObjetos_Monetizacion.pdf , page1 used on i
nput line 301.
(pdftex.def)             Requested size: 597.7406pt x 844.45905pt.
File: PdeP_ParcialObjetos_Monetizacion.pdf Graphic file (type pdf)
<use PdeP_ParcialObjetos_Monetizacion.pdf, page 1>
Package pdftex.def Info: PdeP_ParcialObjetos_Monetizacion.pdf , page1 used on i
nput line 301.
(pdftex.def)             Requested size: 597.7406pt x 844.45905pt.
 [32 <./PdeP_ParcialObjetos_Monetizacion.pdf>]
<PdeP_ParcialObjetos_Monetizacion.pdf, id=1468, page=2, 598.235pt x 845.1575pt>

File: PdeP_ParcialObjetos_Monetizacion.pdf Graphic file (type pdf)
<use PdeP_ParcialObjetos_Monetizacion.pdf, page 2>
Package pdftex.def Info: PdeP_ParcialObjetos_Monetizacion.pdf , page2 used on i
nput line 301.
(pdftex.def)             Requested size: 597.7406pt x 844.45905pt.
File: PdeP_ParcialObjetos_Monetizacion.pdf Graphic file (type pdf)
<use PdeP_ParcialObjetos_Monetizacion.pdf, page 2>
Package pdftex.def Info: PdeP_ParcialObjetos_Monetizacion.pdf , page2 used on i
nput line 301.
(pdftex.def)             Requested size: 597.7406pt x 844.45905pt.
File: PdeP_ParcialObjetos_Monetizacion.pdf Graphic file (type pdf)
<use PdeP_ParcialObjetos_Monetizacion.pdf, page 2>
Package pdftex.def Info: PdeP_ParcialObjetos_Monetizacion.pdf , page2 used on i
nput line 301.
(pdftex.def)             Requested size: 597.7406pt x 844.45905pt.
 [33 <./PdeP_ParcialObjetos_Monetizacion.pdf>]
<PdeP_Parcial_de_Pseudocomputadoras.pdf, id=1474, 598.235pt x 845.1575pt>
File: PdeP_Parcial_de_Pseudocomputadoras.pdf Graphic file (type pdf)
<use PdeP_Parcial_de_Pseudocomputadoras.pdf>
Package pdftex.def Info: PdeP_Parcial_de_Pseudocomputadoras.pdf  used on input 
line 302.
(pdftex.def)             Requested size: 598.23354pt x 845.15544pt.
File: PdeP_Parcial_de_Pseudocomputadoras.pdf Graphic file (type pdf)
<use PdeP_Parcial_de_Pseudocomputadoras.pdf>
Package pdftex.def Info: PdeP_Parcial_de_Pseudocomputadoras.pdf  used on input 
line 302.
(pdftex.def)             Requested size: 598.23354pt x 845.15544pt.
<PdeP_Parcial_de_Pseudocomputadoras.pdf, id=1477, page=1, 598.235pt x 845.1575p
t>
File: PdeP_Parcial_de_Pseudocomputadoras.pdf Graphic file (type pdf)
<use PdeP_Parcial_de_Pseudocomputadoras.pdf, page 1>
Package pdftex.def Info: PdeP_Parcial_de_Pseudocomputadoras.pdf , page1 used on
 input line 302.
(pdftex.def)             Requested size: 598.23354pt x 845.15544pt.
File: PdeP_Parcial_de_Pseudocomputadoras.pdf Graphic file (type pdf)
<use PdeP_Parcial_de_Pseudocomputadoras.pdf, page 1>
Package pdftex.def Info: PdeP_Parcial_de_Pseudocomputadoras.pdf , page1 used on
 input line 302.
(pdftex.def)             Requested size: 597.7406pt x 844.45905pt.
File: PdeP_Parcial_de_Pseudocomputadoras.pdf Graphic file (type pdf)
<use PdeP_Parcial_de_Pseudocomputadoras.pdf, page 1>
Package pdftex.def Info: PdeP_Parcial_de_Pseudocomputadoras.pdf , page1 used on
 input line 302.
(pdftex.def)             Requested size: 597.7406pt x 844.45905pt.
File: PdeP_Parcial_de_Pseudocomputadoras.pdf Graphic file (type pdf)
<use PdeP_Parcial_de_Pseudocomputadoras.pdf, page 1>
Package pdftex.def Info: PdeP_Parcial_de_Pseudocomputadoras.pdf , page1 used on
 input line 302.
(pdftex.def)             Requested size: 597.7406pt x 844.45905pt.
File: PdeP_Parcial_de_Pseudocomputadoras.pdf Graphic file (type pdf)
<use PdeP_Parcial_de_Pseudocomputadoras.pdf, page 1>
Package pdftex.def Info: PdeP_Parcial_de_Pseudocomputadoras.pdf , page1 used on
 input line 302.
(pdftex.def)             Requested size: 597.7406pt x 844.45905pt.
 [34 <./PdeP_Parcial_de_Pseudocomputadoras.pdf>]
<PdeP_Parcial_de_Pseudocomputadoras.pdf, id=1495, page=2, 598.235pt x 845.1575p
t>
File: PdeP_Parcial_de_Pseudocomputadoras.pdf Graphic file (type pdf)
<use PdeP_Parcial_de_Pseudocomputadoras.pdf, page 2>
Package pdftex.def Info: PdeP_Parcial_de_Pseudocomputadoras.pdf , page2 used on
 input line 302.
(pdftex.def)             Requested size: 597.7406pt x 844.45905pt.
File: PdeP_Parcial_de_Pseudocomputadoras.pdf Graphic file (type pdf)
<use PdeP_Parcial_de_Pseudocomputadoras.pdf, page 2>
Package pdftex.def Info: PdeP_Parcial_de_Pseudocomputadoras.pdf , page2 used on
 input line 302.
(pdftex.def)             Requested size: 597.7406pt x 844.45905pt.
File: PdeP_Parcial_de_Pseudocomputadoras.pdf Graphic file (type pdf)
<use PdeP_Parcial_de_Pseudocomputadoras.pdf, page 2>
Package pdftex.def Info: PdeP_Parcial_de_Pseudocomputadoras.pdf , page2 used on
 input line 302.
(pdftex.def)             Requested size: 597.7406pt x 844.45905pt.

[35 <./PdeP_Parcial_de_Pseudocomputadoras.pdf>]

pdfTeX warning: pdflatex (file ./primerParcialPdePObjetos2023.pdf): PDF inclusi
on: found PDF version <1.6>, but at most version <1.5> allowed
<primerParcialPdePObjetos2023.pdf, id=1500, 597.53635pt x 845.04686pt>
File: primerParcialPdePObjetos2023.pdf Graphic file (type pdf)
<use primerParcialPdePObjetos2023.pdf>
Package pdftex.def Info: primerParcialPdePObjetos2023.pdf  used on input line 3
03.
(pdftex.def)             Requested size: 597.53488pt x 845.0448pt.


pdfTeX warning: pdflatex (file ./primerParcialPdePObjetos2023.pdf): PDF inclusi
on: found PDF version <1.6>, but at most version <1.5> allowed
File: primerParcialPdePObjetos2023.pdf Graphic file (type pdf)
<use primerParcialPdePObjetos2023.pdf>
Package pdftex.def Info: primerParcialPdePObjetos2023.pdf  used on input line 3
03.
(pdftex.def)             Requested size: 597.53488pt x 845.0448pt.


pdfTeX warning: pdflatex (file ./primerParcialPdePObjetos2023.pdf): PDF inclusi
on: found PDF version <1.6>, but at most version <1.5> allowed


pdfTeX warning: pdflatex (file ./primerParcialPdePObjetos2023.pdf): PDF inclusi
on: found PDF version <1.6>, but at most version <1.5> allowed
<primerParcialPdePObjetos2023.pdf, id=1503, page=1, 597.53635pt x 845.04686pt>
File: primerParcialPdePObjetos2023.pdf Graphic file (type pdf)
<use primerParcialPdePObjetos2023.pdf, page 1>
Package pdftex.def Info: primerParcialPdePObjetos2023.pdf , page1 used on input
 line 303.
(pdftex.def)             Requested size: 597.53488pt x 845.0448pt.
File: primerParcialPdePObjetos2023.pdf Graphic file (type pdf)
<use primerParcialPdePObjetos2023.pdf, page 1>
Package pdftex.def Info: primerParcialPdePObjetos2023.pdf , page1 used on input
 line 303.
(pdftex.def)             Requested size: 597.56223pt x 845.08348pt.
File: primerParcialPdePObjetos2023.pdf Graphic file (type pdf)
<use primerParcialPdePObjetos2023.pdf, page 1>
Package pdftex.def Info: primerParcialPdePObjetos2023.pdf , page1 used on input
 line 303.
(pdftex.def)             Requested size: 597.56223pt x 845.08348pt.
File: primerParcialPdePObjetos2023.pdf Graphic file (type pdf)
<use primerParcialPdePObjetos2023.pdf, page 1>
Package pdftex.def Info: primerParcialPdePObjetos2023.pdf , page1 used on input
 line 303.
(pdftex.def)             Requested size: 597.56223pt x 845.08348pt.
File: primerParcialPdePObjetos2023.pdf Graphic file (type pdf)
<use primerParcialPdePObjetos2023.pdf, page 1>
Package pdftex.def Info: primerParcialPdePObjetos2023.pdf , page1 used on input
 line 303.
(pdftex.def)             Requested size: 597.56223pt x 845.08348pt.
[36 <./primerParcialPdePObjetos2023.pdf>]

pdfTeX warning: pdflatex (file ./primerParcialPdePObjetos2023.pdf): PDF inclusi
on: found PDF version <1.6>, but at most version <1.5> allowed
<primerParcialPdePObjetos2023.pdf, id=1521, page=2, 597.53635pt x 845.04686pt>
File: primerParcialPdePObjetos2023.pdf Graphic file (type pdf)
<use primerParcialPdePObjetos2023.pdf, page 2>
Package pdftex.def Info: primerParcialPdePObjetos2023.pdf , page2 used on input
 line 303.
(pdftex.def)             Requested size: 597.56223pt x 845.08348pt.
File: primerParcialPdePObjetos2023.pdf Graphic file (type pdf)
<use primerParcialPdePObjetos2023.pdf, page 2>
Package pdftex.def Info: primerParcialPdePObjetos2023.pdf , page2 used on input
 line 303.
(pdftex.def)             Requested size: 597.56223pt x 845.08348pt.
File: primerParcialPdePObjetos2023.pdf Graphic file (type pdf)
<use primerParcialPdePObjetos2023.pdf, page 2>
Package pdftex.def Info: primerParcialPdePObjetos2023.pdf , page2 used on input
 line 303.
(pdftex.def)             Requested size: 597.56223pt x 845.08348pt.
[37 <./primerParcialPdePObjetos2023.pdf>]

pdfTeX warning: pdflatex (file ./primerParcialPdePObjetos2023.pdf): PDF inclusi
on: found PDF version <1.6>, but at most version <1.5> allowed
<primerParcialPdePObjetos2023.pdf, id=1527, page=3, 597.53635pt x 845.04686pt>
File: primerParcialPdePObjetos2023.pdf Graphic file (type pdf)
<use primerParcialPdePObjetos2023.pdf, page 3>
Package pdftex.def Info: primerParcialPdePObjetos2023.pdf , page3 used on input
 line 303.
(pdftex.def)             Requested size: 597.56223pt x 845.08348pt.
File: primerParcialPdePObjetos2023.pdf Graphic file (type pdf)
<use primerParcialPdePObjetos2023.pdf, page 3>
Package pdftex.def Info: primerParcialPdePObjetos2023.pdf , page3 used on input
 line 303.
(pdftex.def)             Requested size: 597.56223pt x 845.08348pt.
File: primerParcialPdePObjetos2023.pdf Graphic file (type pdf)
<use primerParcialPdePObjetos2023.pdf, page 3>
Package pdftex.def Info: primerParcialPdePObjetos2023.pdf , page3 used on input
 line 303.
(pdftex.def)             Requested size: 597.56223pt x 845.08348pt.
[38 <./primerParcialPdePObjetos2023.pdf>] (./main.aux
LaTeX Info: Redefining \. on input line 25.
LaTeX Info: Redefining \% on input line 25.
)
Package rerunfilecheck Info: File `main.out' has not changed.
(rerunfilecheck)             Checksum: A4F718357CCBF6F9DE521209219788D1;10653.
 ) 
Here is how much of TeX's memory you used:
 47895 strings out of 478287
 1079811 string characters out of 5849288
 2005820 words of memory out of 5000000
 64347 multiletter control sequences out of 15000+600000
 490833 words of font info for 84 fonts, out of 8000000 for 9000
 1141 hyphenation exceptions out of 8191
 114i,17n,117p,468b,2539s stack positions out of 5000i,500n,10000p,200000b,80000s
{/usr/share/texmf/fonts/enc/dvips/cm-super/cm-super-t1.enc}</usr/share/texliv
e/texmf-dist/fonts/type1/public/amsfonts/cm/cmmi10.pfb></usr/share/texlive/texm
f-dist/fonts/type1/public/amsfonts/cm/cmmi12.pfb></usr/share/texlive/texmf-dist
/fonts/type1/public/amsfonts/cm/cmr10.pfb></usr/share/texlive/texmf-dist/fonts/
type1/public/amsfonts/cm/cmr17.pfb></usr/share/texmf/fonts/type1/public/cm-supe
r/sfbx1000.pfb></usr/share/texmf/fonts/type1/public/cm-super/sfbx1095.pfb></usr
/share/texmf/fonts/type1/public/cm-super/sfbx1200.pfb></usr/share/texmf/fonts/t
ype1/public/cm-super/sfbx1440.pfb></usr/share/texmf/fonts/type1/public/cm-super
/sfcc1200.pfb></usr/share/texmf/fonts/type1/public/cm-super/sfcc1728.pfb></usr/
share/texmf/fonts/type1/public/cm-super/sfit1000.pfb></usr/share/texmf/fonts/ty
pe1/public/cm-super/sfrm0600.pfb></usr/share/texmf/fonts/type1/public/cm-super/
sfrm1000.pfb></usr/share/texmf/fonts/type1/public/cm-super/sfrm1095.pfb></usr/s
hare/texmf/fonts/type1/public/cm-super/sfrm1200.pfb></usr/share/texmf/fonts/typ
e1/public/cm-super/sfrm2074.pfb></usr/share/texmf/fonts/type1/public/cm-super/s
fti1095.pfb></usr/share/texmf/fonts/type1/public/cm-super/sftt1000.pfb></usr/sh
are/texmf/fonts/type1/public/cm-super/sftt1095.pfb>
Output written on main.pdf (41 pages, 1415038 bytes).
PDF statistics:
 1833 PDF objects out of 2073 (max. 8388607)
 1671 compressed objects within 17 object streams
 1058 named destinations out of 1200 (max. 500000)
 557 words of extra memory for PDF output out of 10000 (max. 10000000)

